#
# There is insufficient memory for the Java Runtime Environment to continue.
# Native memory allocation (mmap) failed to map 125829120 bytes. Error detail: G1 virtual space
# Possible reasons:
#   The system is out of physical RAM or swap space
#   This process is running with CompressedOops enabled, and the Java Heap may be blocking the growth of the native heap
# Possible solutions:
#   Reduce memory load on the system
#   Increase physical memory or swap space
#   Check if swap backing store is full
#   Decrease Java heap size (-Xmx/-Xms)
#   Decrease number of Java threads
#   Decrease Java thread stack sizes (-Xss)
#   Set larger code cache with -XX:ReservedCodeCacheSize=
#   JVM is running with Unscaled Compressed Oops mode in which the Java heap is
#     placed in the first 4GB address space. The Java Heap base address is the
#     maximum limit for the native heap growth. Please use -XX:HeapBaseMinAddress
#     to set the Java Heap base and to place the Java Heap above 4GB virtual address.
# This output file may be truncated or incomplete.
#
#  Out of Memory Error (os_windows.cpp:3631), pid=9336, tid=4524
#
# JRE version:  (22.0.1+8) (build )
# Java VM: Java HotSpot(TM) 64-Bit Server VM (22.0.1+8-16, mixed mode, sharing, tiered, compressed oops, compressed class ptrs, g1 gc, windows-amd64)
# No core dump will be written. Minidumps are not enabled by default on client versions of Windows
#

---------------  S U M M A R Y ------------

Command Line: -Dfile.encoding=UTF-8 --module-path=C:\Users\arpan jena\Documents\NetBeansProjects\Hotel mangement system\build\classes hotel.mangement.system.Login

Host: AMD Ryzen 7 4800H with Radeon Graphics         , 16 cores, 7G,  Windows 11 , 64 bit Build 22621 (10.0.22621.3672)
Time: Sun Jul 28 00:06:19 2024 India Standard Time elapsed time: 0.009799 seconds (0d 0h 0m 0s)

---------------  T H R E A D  ---------------

Current thread (0x0000024826a819b0):  JavaThread "Unknown thread" [_thread_in_vm, id=4524, stack(0x000000daf2300000,0x000000daf2400000) (1024K)]

Stack: [0x000000daf2300000,0x000000daf2400000]
Native frames: (J=compiled Java code, j=interpreted, Vv=VM code, C=native code)
V  [jvm.dll+0x6e2279]  (no source info available)
V  [jvm.dll+0x874e33]  (no source info available)
V  [jvm.dll+0x87725e]  (no source info available)
V  [jvm.dll+0x877933]  (no source info available)
V  [jvm.dll+0x27fd76]  (no source info available)
V  [jvm.dll+0x6de915]  (no source info available)
V  [jvm.dll+0x6d341a]  (no source info available)
V  [jvm.dll+0x3589da]  (no source info available)
V  [jvm.dll+0x360f06]  (no source info available)
V  [jvm.dll+0x3b3e2e]  (no source info available)
V  [jvm.dll+0x3b40d8]  (no source info available)
V  [jvm.dll+0x32c59c]  (no source info available)
V  [jvm.dll+0x32d158]  (no source info available)
V  [jvm.dll+0x83ccdc]  (no source info available)
V  [jvm.dll+0x3c0d71]  (no source info available)
V  [jvm.dll+0x825ccc]  (no source info available)
V  [jvm.dll+0x45b8fe]  (no source info available)
V  [jvm.dll+0x45d781]  (no source info available)
C  [jli.dll+0x52a3]  (no source info available)
C  [ucrtbase.dll+0x29333]  (no source info available)
C  [KERNEL32.DLL+0x1257d]  (no source info available)
C  [ntdll.dll+0x5af28]  (no source info available)


---------------  P R O C E S S  ---------------

Threads class SMR info:
_java_thread_list=0x00007ffd1222b1c8, length=0, elements={
}

Java Threads: ( => current thread )
Total: 0

Other Threads:
  0x0000024828c2c950 WorkerThread "GC Thread#0"                     [id=20308, stack(0x000000daf2400000,0x000000daf2500000) (1024K)]
  0x0000024828c3c6c0 ConcurrentGCThread "G1 Main Marker"            [id=26044, stack(0x000000daf2500000,0x000000daf2600000) (1024K)]
  0x0000024828c3d380 WorkerThread "G1 Conc#0"                       [id=27284, stack(0x000000daf2600000,0x000000daf2700000) (1024K)]

[error occurred during error reporting (printing all threads), id 0xc0000005, EXCEPTION_ACCESS_VIOLATION (0xc0000005) at pc=0x00007ffd1197f367]
VM state: not at safepoint (not fully initialized)

VM Mutex/Monitor currently owned by a thread:  ([mutex/lock_event])
[0x00007ffd122abcb8] Heap_lock - owner thread: 0x0000024826a819b0

Heap address: 0x0000000089400000, size: 1900 MB, Compressed Oops mode: 32-bit

CDS archive(s) mapped at: [0x0000000000000000-0x0000000000000000-0x0000000000000000), size 0, SharedBaseAddress: 0x0000000800000000, ArchiveRelocationMode: 1.
Narrow klass base: 0x0000000000000000, Narrow klass shift: 0, Narrow klass range: 0x0

GC Precious Log:
 CardTable entry size: 512
 Card Set container configuration: InlinePtr #cards 5 size 8 Array Of Cards #cards 12 size 40 Howl #buckets 4 coarsen threshold 1843 Howl Bitmap #cards 512 size 80 coarsen threshold 460 Card regions per heap region 1 cards per card region 2048

Heap:
 garbage-first heap   total reserved 1945600K, committed 0K, used 0K [0x0000000089400000, 0x0000000100000000)
  region size 1024K, 0 young (0K), 0 survivors (0K)

[error occurred during error reporting (printing heap information), id 0xc0000005, EXCEPTION_ACCESS_VIOLATION (0xc0000005) at pc=0x00007ffd11d7e429]
GC Heap History (0 events):
No events

Dll operation events (1 events):
Event: 0.007 Loaded shared library C:\Program Files\Java\jdk-22\bin\java.dll

Deoptimization events (0 events):
No events

Classes loaded (0 events):
No events

Classes unloaded (0 events):
No events

Classes redefined (0 events):
No events

Internal exceptions (0 events):
No events

ZGC Phase Switch (0 events):
No events

VM Operations (0 events):
No events

Events (0 events):
No events


Dynamic libraries:
0x00007ff6c7a00000 - 0x00007ff6c7a10000 	C:\Program Files\Java\jdk-22\bin\java.exe
0x00007ffdc71f0000 - 0x00007ffdc7407000 	C:\WINDOWS\SYSTEM32\ntdll.dll
0x00007ffdc61e0000 - 0x00007ffdc62a4000 	C:\WINDOWS\System32\KERNEL32.DLL
0x00007ffdc48b0000 - 0x00007ffdc4c5d000 	C:\WINDOWS\System32\KERNELBASE.dll
0x00007ffdc4640000 - 0x00007ffdc4751000 	C:\WINDOWS\System32\ucrtbase.dll
0x00007ffdbf530000 - 0x00007ffdbf547000 	C:\Program Files\Java\jdk-22\bin\jli.dll
0x00007ffdaa160000 - 0x00007ffdaa17b000 	C:\Program Files\Java\jdk-22\bin\VCRUNTIME140.dll
0x00007ffdc5520000 - 0x00007ffdc55d2000 	C:\WINDOWS\System32\ADVAPI32.dll
0x00007ffdc7100000 - 0x00007ffdc71a7000 	C:\WINDOWS\System32\msvcrt.dll
0x00007ffdc5470000 - 0x00007ffdc5519000 	C:\WINDOWS\System32\sechost.dll
0x00007ffdc4610000 - 0x00007ffdc4638000 	C:\WINDOWS\System32\bcrypt.dll
0x00007ffdc62b0000 - 0x00007ffdc63c4000 	C:\WINDOWS\System32\RPCRT4.dll
0x00007ffdc63d0000 - 0x00007ffdc657e000 	C:\WINDOWS\System32\USER32.dll
0x00007ffdadef0000 - 0x00007ffdae183000 	C:\WINDOWS\WinSxS\amd64_microsoft.windows.common-controls_6595b64144ccf1df_6.0.22621.3672_none_2713b9d173822955\COMCTL32.dll
0x00007ffdc4880000 - 0x00007ffdc48a6000 	C:\WINDOWS\System32\win32u.dll
0x00007ffdc6580000 - 0x00007ffdc65a9000 	C:\WINDOWS\System32\GDI32.dll
0x00007ffdc4760000 - 0x00007ffdc4879000 	C:\WINDOWS\System32\gdi32full.dll
0x00007ffdc4c60000 - 0x00007ffdc4cfa000 	C:\WINDOWS\System32\msvcp_win.dll
0x00007ffdc4150000 - 0x00007ffdc415a000 	C:\WINDOWS\SYSTEM32\VERSION.dll
0x00007ffdc55e0000 - 0x00007ffdc5611000 	C:\WINDOWS\System32\IMM32.DLL
0x0000000071d50000 - 0x0000000071d5c000 	C:\Program Files (x86)\360\Total Security\safemon\SafeWrapper.dll
0x00007ffd5ae00000 - 0x00007ffd5ae92000 	C:\Program Files (x86)\360\Total Security\safemon\libzdtp64.dll
0x00007ffdc5880000 - 0x00007ffdc60df000 	C:\WINDOWS\System32\SHELL32.dll
0x00007ffdc6680000 - 0x00007ffdc66de000 	C:\WINDOWS\System32\SHLWAPI.dll
0x00007ffdb3690000 - 0x00007ffdb369c000 	C:\Program Files\Java\jdk-22\bin\vcruntime140_1.dll
0x00007ffd87f60000 - 0x00007ffd87fee000 	C:\Program Files\Java\jdk-22\bin\msvcp140.dll
0x00007ffd11640000 - 0x00007ffd12387000 	C:\Program Files\Java\jdk-22\bin\server\jvm.dll
0x00007ffdc65e0000 - 0x00007ffdc6651000 	C:\WINDOWS\System32\WS2_32.dll
0x00007ffdc3d00000 - 0x00007ffdc3d4d000 	C:\WINDOWS\SYSTEM32\POWRPROF.dll
0x00007ffdb98f0000 - 0x00007ffdb9924000 	C:\WINDOWS\SYSTEM32\WINMM.dll
0x00007ffdc3ce0000 - 0x00007ffdc3cf3000 	C:\WINDOWS\SYSTEM32\UMPDC.dll
0x00007ffdc34c0000 - 0x00007ffdc34d8000 	C:\WINDOWS\SYSTEM32\kernel.appcore.dll
0x00007ffdb29e0000 - 0x00007ffdb29ea000 	C:\Program Files\Java\jdk-22\bin\jimage.dll
0x00007ffdc17c0000 - 0x00007ffdc19f2000 	C:\WINDOWS\SYSTEM32\DBGHELP.DLL
0x00007ffdc50e0000 - 0x00007ffdc5468000 	C:\WINDOWS\System32\combase.dll
0x00007ffdc67c0000 - 0x00007ffdc6897000 	C:\WINDOWS\System32\OLEAUT32.dll
0x00007ffdb9ea0000 - 0x00007ffdb9ed2000 	C:\WINDOWS\SYSTEM32\dbgcore.DLL
0x00007ffdc4520000 - 0x00007ffdc459b000 	C:\WINDOWS\System32\bcryptPrimitives.dll
0x00007ffdaa140000 - 0x00007ffdaa15e000 	C:\Program Files\Java\jdk-22\bin\java.dll
0x00007ffdc68c0000 - 0x00007ffdc6a65000 	C:\WINDOWS\System32\ole32.dll

dbghelp: loaded successfully - version: 4.0.5 - missing functions: none
symbol engine: initialized successfully - sym options: 0x614 - pdb path: .;C:\Program Files\Java\jdk-22\bin;C:\WINDOWS\SYSTEM32;C:\WINDOWS\WinSxS\amd64_microsoft.windows.common-controls_6595b64144ccf1df_6.0.22621.3672_none_2713b9d173822955;C:\Program Files (x86)\360\Total Security\safemon;C:\Program Files\Java\jdk-22\bin\server

VM Arguments:
jvm_args: -Dfile.encoding=UTF-8 --module-path=C:\Users\arpan jena\Documents\NetBeansProjects\Hotel mangement system\build\classes 
java_command: hotel.mangement.system.Login
java_class_path (initial): C:\Users\arpan jena\Documents\NetBeansProjects\Hotel mangement system\build\classes
Launcher Type: SUN_STANDARD

[Global flags]
     intx CICompilerCount                          = 12                                        {product} {ergonomic}
     uint ConcGCThreads                            = 3                                         {product} {ergonomic}
     uint G1ConcRefinementThreads                  = 13                                        {product} {ergonomic}
   size_t G1HeapRegionSize                         = 1048576                                   {product} {ergonomic}
   size_t InitialHeapSize                          = 125829120                                 {product} {ergonomic}
   size_t MarkStackSize                            = 4194304                                   {product} {ergonomic}
   size_t MaxHeapSize                              = 1992294400                                {product} {ergonomic}
   size_t MinHeapDeltaBytes                        = 1048576                                   {product} {ergonomic}
   size_t MinHeapSize                              = 8388608                                   {product} {ergonomic}
    uintx NonNMethodCodeHeapSize                   = 7602480                                {pd product} {ergonomic}
    uintx NonProfiledCodeHeapSize                  = 122027880                              {pd product} {ergonomic}
    uintx ProfiledCodeHeapSize                     = 122027880                              {pd product} {ergonomic}
    uintx ReservedCodeCacheSize                    = 251658240                              {pd product} {ergonomic}
     bool SegmentedCodeCache                       = true                                      {product} {ergonomic}
   size_t SoftMaxHeapSize                          = 1992294400                             {manageable} {ergonomic}
     bool UseCompressedOops                        = true                           {product lp64_product} {ergonomic}
     bool UseG1GC                                  = true                                      {product} {ergonomic}
     bool UseLargePagesIndividualAllocation        = false                                  {pd product} {ergonomic}

Logging:
Log output configuration:
 #0: stdout all=warning uptime,level,tags foldmultilines=false
 #1: stderr all=off uptime,level,tags foldmultilines=false

Environment Variables:
JAVA_HOME=C:\Users\arpan jena\AppData\Local\Programs\Eclipse Adoptium\jdk-17.0.8.101-hotspot\
PATH=C:\Program Files\Common Files\Oracle\Java\javapath;C:\Program Files\Python312\Scripts\;C:\Program Files\Python312\;C:\Program Files\Python311\Scripts\;C:\Program Files\Python311\;C:\WINDOWS\system32;C:\WINDOWS;C:\WINDOWS\System32\Wbem;C:\WINDOWS\System32\WindowsPowerShell\v1.0\;C:\WINDOWS\System32\OpenSSH\;C:\Program Files\NVIDIA Corporation\NVIDIA NvDLISR;C:\Program Files (x86)\NVIDIA Corporation\PhysX\Common;C:\MinGW\bin;C:\Program Files\Cloudflare\Cloudflare WARP\;C:\Program Files\Java\jdk-22\bin;C:\Program Files\nodejs\;C:\ProgramData\chocolatey\bin;C:\Program Files\MySQL\MySQL Shell 8.0\bin\;C:\Users\arpan jena\AppData\Local\Programs\Eclipse Adoptium\jdk-17.0.8.101-hotspot\bin;C:\Users\arpan jena\AppData\Local\Microsoft\WindowsApps;;C:\Users\arpan jena\AppData\Local\Programs\Microsoft VS Code\bin;C:\Program Files\JetBrains\IntelliJ IDEA Community Edition 2023.3.4\bin;;C:\Users\arpan jena\AppData\Roaming\npm
USERNAME=arpan jena
OS=Windows_NT
PROCESSOR_IDENTIFIER=AMD64 Family 23 Model 96 Stepping 1, AuthenticAMD
TMP=C:\Users\ARPANJ~1\AppData\Local\Temp
TEMP=C:\Users\ARPANJ~1\AppData\Local\Temp




Periodic native trim disabled

---------------  S Y S T E M  ---------------

OS:
 Windows 11 , 64 bit Build 22621 (10.0.22621.3672)
OS uptime: 1 days 2:25 hours
Hyper-V role detected

CPU: total 16 (initial active 16) (16 cores per cpu, 2 threads per core) family 23 model 96 stepping 1 microcode 0x0, cx8, cmov, fxsr, ht, mmx, 3dnowpref, sse, sse2, sse3, ssse3, sse4a, sse4.1, sse4.2, popcnt, lzcnt, tsc, tscinvbit, avx, avx2, aes, clmul, bmi1, bmi2, adx, sha, fma, vzeroupper, clflush, clflushopt, hv, rdtscp, rdpid, f16c
Processor Information for all 16 processors :
  Max Mhz: 2901, Current Mhz: 2901, Mhz Limit: 2901

Memory: 4k page, system-wide physical 7599M (826M free)
TotalPageFile size 26050M (AvailPageFile size 108M)
current process WorkingSet (physical memory assigned to process): 13M, peak: 13M
current process commit charge ("private bytes"): 71M, peak: 191M

vm_info: Java HotSpot(TM) 64-Bit Server VM (22.0.1+8-16) for windows-amd64 JRE (22.0.1+8-16), built on 2024-03-12T10:33:16Z by "mach5one" with MS VC++ 17.6 (VS2022)

END.
