#
# There is insufficient memory for the Java Runtime Environment to continue.
# Native memory allocation (mmap) failed to map 65536 bytes. Error detail: Failed to commit metaspace.
# Possible reasons:
#   The system is out of physical RAM or swap space
#   This process is running with CompressedOops enabled, and the Java Heap may be blocking the growth of the native heap
# Possible solutions:
#   Reduce memory load on the system
#   Increase physical memory or swap space
#   Check if swap backing store is full
#   Decrease Java heap size (-Xmx/-Xms)
#   Decrease number of Java threads
#   Decrease Java thread stack sizes (-Xss)
#   Set larger code cache with -XX:ReservedCodeCacheSize=
#   JVM is running with Unscaled Compressed Oops mode in which the Java heap is
#     placed in the first 4GB address space. The Java Heap base address is the
#     maximum limit for the native heap growth. Please use -XX:HeapBaseMinAddress
#     to set the Java Heap base and to place the Java Heap above 4GB virtual address.
# This output file may be truncated or incomplete.
#
#  Out of Memory Error (virtualSpaceNode.cpp:112), pid=20400, tid=26700
#
# JRE version: Java(TM) SE Runtime Environment (22.0.1+8) (build 22.0.1+8-16)
# Java VM: Java HotSpot(TM) 64-Bit Server VM (22.0.1+8-16, mixed mode, sharing, tiered, compressed oops, compressed class ptrs, g1 gc, windows-amd64)
# No core dump will be written. Minidumps are not enabled by default on client versions of Windows
#

---------------  S U M M A R Y ------------

Command Line: -Dfile.encoding=UTF-8 --module-path=C:\Users\arpan jena\Documents\NetBeansProjects\Hotel mangement system\build\classes hotel.mangement.system.Login

Host: AMD Ryzen 7 4800H with Radeon Graphics         , 16 cores, 7G,  Windows 11 , 64 bit Build 22621 (10.0.22621.3672)
Time: Mon Jul 29 21:16:31 2024 India Standard Time elapsed time: 0.225530 seconds (0d 0h 0m 0s)

---------------  T H R E A D  ---------------

Current thread (0x000001f2e7294210):  JavaThread "main"             [_thread_in_vm, id=26700, stack(0x000000181b000000,0x000000181b100000) (1024K)]

Stack: [0x000000181b000000,0x000000181b100000]
Native frames: (J=compiled Java code, j=interpreted, Vv=VM code, C=native code)
V  [jvm.dll+0x6e2279]  (no source info available)
V  [jvm.dll+0x874e33]  (no source info available)
V  [jvm.dll+0x87725e]  (no source info available)
V  [jvm.dll+0x877933]  (no source info available)
V  [jvm.dll+0x27fd76]  (no source info available)
V  [jvm.dll+0x870a7e]  (no source info available)
V  [jvm.dll+0x6852e5]  (no source info available)
V  [jvm.dll+0x68534a]  (no source info available)
V  [jvm.dll+0x687b8a]  (no source info available)
V  [jvm.dll+0x2250ac]  (no source info available)
V  [jvm.dll+0x685cfe]  (no source info available)
V  [jvm.dll+0x26b190]  (no source info available)
V  [jvm.dll+0x215cf7]  (no source info available)
V  [jvm.dll+0x20b4ee]  (no source info available)
V  [jvm.dll+0x5c462f]  (no source info available)
V  [jvm.dll+0x21cc6a]  (no source info available)
V  [jvm.dll+0x7eb6dc]  (no source info available)
V  [jvm.dll+0x7ec776]  (no source info available)
V  [jvm.dll+0x7ecd84]  (no source info available)
V  [jvm.dll+0x7eca08]  (no source info available)
V  [jvm.dll+0x26d79b]  (no source info available)
V  [jvm.dll+0x3dccbf]  (no source info available)
C  0x000001f28746b14a  (no source info available)

The last pc belongs to instanceof (printed below).
Java frames: (J=compiled Java code, j=interpreted, Vv=VM code)
j  java.beans.PropertyChangeSupport$PropertyChangeListenerMap.extract(Ljava/beans/PropertyChangeListener;)Ljava/beans/PropertyChangeListener;+1 java.desktop@22.0.1
j  java.beans.PropertyChangeSupport.addPropertyChangeListener(Ljava/lang/String;Ljava/beans/PropertyChangeListener;)V+14 java.desktop@22.0.1
j  java.awt.Toolkit$DesktopPropertyChangeSupport.addPropertyChangeListener(Ljava/lang/String;Ljava/beans/PropertyChangeListener;)V+44 java.desktop@22.0.1
j  java.awt.Toolkit.addPropertyChangeListener(Ljava/lang/String;Ljava/beans/PropertyChangeListener;)V+6 java.desktop@22.0.1
j  sun.awt.windows.WToolkit.addPropertyChangeListener(Ljava/lang/String;Ljava/beans/PropertyChangeListener;)V+39 java.desktop@22.0.1
j  javax.swing.plaf.metal.MetalLookAndFeel$AATextListener.<init>(Ljavax/swing/LookAndFeel;)V+24 java.desktop@22.0.1
j  javax.swing.plaf.metal.MetalLookAndFeel.initComponentDefaults(Ljavax/swing/UIDefaults;)V+12186 java.desktop@22.0.1
j  javax.swing.plaf.basic.BasicLookAndFeel.getDefaults()Ljavax/swing/UIDefaults;+25 java.desktop@22.0.1
j  javax.swing.plaf.metal.MetalLookAndFeel.getDefaults()Ljavax/swing/UIDefaults;+9 java.desktop@22.0.1
j  javax.swing.UIManager.setLookAndFeel(Ljavax/swing/LookAndFeel;)V+66 java.desktop@22.0.1
j  javax.swing.UIManager.setLookAndFeel(Ljava/lang/String;)V+16 java.desktop@22.0.1
j  javax.swing.UIManager.initializeDefaultLAF(Ljava/util/Properties;)V+58 java.desktop@22.0.1
j  javax.swing.UIManager.initialize()V+9 java.desktop@22.0.1
j  javax.swing.UIManager.maybeInitialize()V+22 java.desktop@22.0.1
j  javax.swing.UIManager.getUI(Ljavax/swing/JComponent;)Ljavax/swing/plaf/ComponentUI;+0 java.desktop@22.0.1
j  javax.swing.JPanel.updateUI()V+2 java.desktop@22.0.1
j  javax.swing.JPanel.<init>(Ljava/awt/LayoutManager;Z)V+24 java.desktop@22.0.1
j  javax.swing.JPanel.<init>(Z)V+9 java.desktop@22.0.1
j  javax.swing.JPanel.<init>()V+2 java.desktop@22.0.1
j  javax.swing.JRootPane.createGlassPane()Ljava/awt/Component;+4 java.desktop@22.0.1
j  javax.swing.JRootPane.<init>()V+11 java.desktop@22.0.1
j  javax.swing.JFrame.createRootPane()Ljavax/swing/JRootPane;+4 java.desktop@22.0.1
j  javax.swing.JFrame.frameInit()V+16 java.desktop@22.0.1
j  javax.swing.JFrame.<init>()V+20 java.desktop@22.0.1
j  hotel.mangement.system.Login.<init>()V+1
j  hotel.mangement.system.Login.main([Ljava/lang/String;)V+4
v  ~StubRoutines::call_stub 0x000001f28745100d
instanceof  193 instanceof  [0x000001f28746b0c0, 0x000001f28746b2f0]  560 bytes
[MachCode]
  0x000001f28746b0c0: 5848 85c0 | 0f84 f501 | 0000 488b | 4de8 488b | 4908 488b | 4908 488b | 5108 410f | b75d 010f 
  0x000001f28746b0e0: cbc1 eb10 | 807c 1a04 | 070f 84c6 | 0000 0050 | e805 0000 | 00e9 9600 | 0000 488d | 4424 084c 
  0x000001f28746b100: 896d c049 | 8bcf c5f8 | 7749 89af | b003 0000 | 4989 87a0 | 0300 0048 | 83ec 2040 | f6c4 0f0f 
  0x000001f28746b120: 8419 0000 | 0048 83ec | 0848 b8d0 | cb04 39ff | 7f00 00ff | d048 83c4 | 08e9 0c00 | 0000 48b8 
  0x000001f28746b140: d0cb 0439 | ff7f 0000 | ffd0 4883 | c420 49c7 | 87a0 0300 | 0000 0000 | 0049 c787 | b003 0000 
  0x000001f28746b160: 0000 0000 | 49c7 87a8 | 0300 0000 | 0000 00c5 | f877 4983 | 7f08 000f | 8405 0000 | 00e9 7e5d 
  0x000001f28746b180: feff 4c8b | 6dc0 4c8b | 75c8 4e8d | 74f5 00c3 | 498b 8700 | 0400 0049 | c787 0004 | 0000 0000 
  0x000001f28746b1a0: 0000 5a8b | 5208 49ba | 0000 008f | f201 0000 | 4903 d2eb | 1e8b 5008 | 49ba 0000 | 008f f201 
  0x000001f28746b1c0: 0000 4903 | d266 8b5c | d948 488b | 4928 488b | 44d9 0848 | 8b4d d848 | 85c9 0f84 | 9500 0000 
  0x000001f28746b1e0: 488b 7910 | 483b fa0f | 850f 0000 | 0048 8341 | 1801 4883 | 5918 00e9 | 7100 0000 | 4885 ff0f 
  0x000001f28746b200: 8442 0000 | 0048 8b79 | 2048 3bfa | 0f85 0f00 | 0000 4883 | 4128 0148 | 8359 2800 | e94c 0000 
  0x000001f28746b220: 0048 85ff | 740f 4883 | 4108 0148 | 8359 0800 | e938 0000 | 0048 8951 | 20bf 0100 | 0000 4889 
  0x000001f28746b240: 7928 e926 | 0000 0048 | 3b51 200f | 850f 0000 | 0048 8341 | 2801 4883 | 5928 00e9 | 0d00 0000 
  0x000001f28746b260: 4889 5110 | bf01 0000 | 0048 8979 | 1848 83c1 | 3048 894d | d848 3bd0 | 0f84 3700 | 0000 8b48 
  0x000001f28746b280: 1448 3b04 | 0a0f 842a | 0000 0083 | f920 0f85 | 1d00 0000 | 5748 8b7a | 288b 0f48 | 83c7 0848 
  0x000001f28746b2a0: 85c0 f248 | af5f 7509 | 4889 4220 | e904 0000 | 0033 c0eb | 23b8 0100 | 0000 e919 | 0000 0048 
  0x000001f28746b2c0: 8b4d d848 | 85c9 0f84 | 0c00 0000 | 8049 0101 | 4883 c130 | 4889 4dd8 | 410f b65d | 0349 83c5 
  0x000001f28746b2e0: 0349 baf0 | d98e 39ff | 7f00 0041 | ff24 da90 
[/MachCode]

---------------  P R O C E S S  ---------------

Threads class SMR info:
_java_thread_list=0x000001f2d44a3c50, length=17, elements={
0x000001f2e7294210, 0x000001f2f75d6050, 0x000001f2f75d6d70, 0x000001f2f75d7e60,
0x000001f2f75da720, 0x000001f2f75db720, 0x000001f2f75defe0, 0x000001f2d4130ba0,
0x000001f2f75eff20, 0x000001f2d41ed4b0, 0x000001f2f75ee3e0, 0x000001f2d432ef90,
0x000001f2f75f05f0, 0x000001f2f75f0cc0, 0x000001f2d452bfd0, 0x000001f2d4531110,
0x000001f2d4534e60
}

Java Threads: ( => current thread )
=>0x000001f2e7294210 JavaThread "main"                              [_thread_in_vm, id=26700, stack(0x000000181b000000,0x000000181b100000) (1024K)]
  0x000001f2f75d6050 JavaThread "Reference Handler"          daemon [_thread_blocked, id=26408, stack(0x000000181b800000,0x000000181b900000) (1024K)]
  0x000001f2f75d6d70 JavaThread "Finalizer"                  daemon [_thread_blocked, id=14688, stack(0x000000181b900000,0x000000181ba00000) (1024K)]
  0x000001f2f75d7e60 JavaThread "Signal Dispatcher"          daemon [_thread_blocked, id=27700, stack(0x000000181ba00000,0x000000181bb00000) (1024K)]
  0x000001f2f75da720 JavaThread "Attach Listener"            daemon [_thread_blocked, id=21332, stack(0x000000181bb00000,0x000000181bc00000) (1024K)]
  0x000001f2f75db720 JavaThread "Service Thread"             daemon [_thread_blocked, id=27228, stack(0x000000181bc00000,0x000000181bd00000) (1024K)]
  0x000001f2f75defe0 JavaThread "Monitor Deflation Thread"   daemon [_thread_blocked, id=9512, stack(0x000000181bd00000,0x000000181be00000) (1024K)]
  0x000001f2d4130ba0 JavaThread "C2 CompilerThread0"         daemon [_thread_blocked, id=7572, stack(0x000000181be00000,0x000000181bf00000) (1024K)]
  0x000001f2f75eff20 JavaThread "C1 CompilerThread0"         daemon [_thread_blocked, id=25720, stack(0x000000181bf00000,0x000000181c000000) (1024K)]
  0x000001f2d41ed4b0 JavaThread "Common-Cleaner"             daemon [_thread_blocked, id=5952, stack(0x000000181c000000,0x000000181c100000) (1024K)]
  0x000001f2f75ee3e0 JavaThread "C1 CompilerThread1"         daemon [_thread_blocked, id=12732, stack(0x000000181c100000,0x000000181c200000) (1024K)]
  0x000001f2d432ef90 JavaThread "Notification Thread"        daemon [_thread_blocked, id=4956, stack(0x000000181c200000,0x000000181c300000) (1024K)]
  0x000001f2f75f05f0 JavaThread "C2 CompilerThread1"         daemon [_thread_blocked, id=4108, stack(0x000000181c300000,0x000000181c400000) (1024K)]
  0x000001f2f75f0cc0 JavaThread "C1 CompilerThread2"         daemon [_thread_blocked, id=6744, stack(0x000000181c400000,0x000000181c500000) (1024K)]
  0x000001f2d452bfd0 JavaThread "Java2D Disposer"            daemon [_thread_blocked, id=21852, stack(0x000000181c500000,0x000000181c600000) (1024K)]
  0x000001f2d4531110 JavaThread "AWT-Shutdown"                      [_thread_blocked, id=4088, stack(0x000000181c600000,0x000000181c700000) (1024K)]
  0x000001f2d4534e60 JavaThread "AWT-Windows"                daemon [_thread_in_native, id=10224, stack(0x000000181c700000,0x000000181c800000) (1024K)]
Total: 17

Other Threads:
  0x000001f2f75b7ea0 VMThread "VM Thread"                           [id=28308, stack(0x000000181b700000,0x000000181b800000) (1024K)]
  0x000001f2f759ee80 WatcherThread "VM Periodic Task Thread"        [id=6952, stack(0x000000181b600000,0x000000181b700000) (1024K)]
  0x000001f2e959d280 WorkerThread "GC Thread#0"                     [id=15580, stack(0x000000181b100000,0x000000181b200000) (1024K)]
  0x000001f2e95acf00 ConcurrentGCThread "G1 Main Marker"            [id=28304, stack(0x000000181b200000,0x000000181b300000) (1024K)]
  0x000001f2e95adad0 WorkerThread "G1 Conc#0"                       [id=23412, stack(0x000000181b300000,0x000000181b400000) (1024K)]
  0x000001f2f7471090 ConcurrentGCThread "G1 Refine#0"               [id=9324, stack(0x000000181b400000,0x000000181b500000) (1024K)]
  0x000001f2f7471b20 ConcurrentGCThread "G1 Service"                [id=27464, stack(0x000000181b500000,0x000000181b600000) (1024K)]
Total: 7

Threads with active compile tasks:
Total: 0

VM state: not at safepoint (normal execution)

VM Mutex/Monitor currently owned by a thread:  ([mutex/lock_event])
[0x00007fff398d9b38] Metaspace_lock - owner thread: 0x000001f2e7294210

Heap address: 0x0000000089400000, size: 1900 MB, Compressed Oops mode: 32-bit

CDS archive(s) mapped at: [0x000001f28f000000-0x000001f28fc60000-0x000001f28fc60000), size 12976128, SharedBaseAddress: 0x000001f28f000000, ArchiveRelocationMode: 1.
Compressed class space mapped at: 0x000001f290000000-0x000001f2d0000000, reserved size: 1073741824
Narrow klass base: 0x000001f28f000000, Narrow klass shift: 0, Narrow klass range: 0x41000000

GC Precious Log:
 CardTable entry size: 512
 Card Set container configuration: InlinePtr #cards 5 size 8 Array Of Cards #cards 12 size 40 Howl #buckets 4 coarsen threshold 1843 Howl Bitmap #cards 512 size 80 coarsen threshold 460 Card regions per heap region 1 cards per card region 2048
 CPUs: 16 total, 16 available
 Memory: 7599M
 Large Page Support: Disabled
 NUMA Support: Disabled
 Compressed Oops: Enabled (32-bit)
 Heap Region Size: 1M
 Heap Min Capacity: 8M
 Heap Initial Capacity: 120M
 Heap Max Capacity: 1900M
 Pre-touch: Disabled
 Parallel Workers: 13
 Concurrent Workers: 3
 Concurrent Refinement Workers: 13
 Periodic GC: Disabled

Heap:
 garbage-first heap   total reserved 1945600K, committed 122880K, used 6144K [0x0000000089400000, 0x0000000100000000)
  region size 1024K, 7 young (7168K), 0 survivors (0K)
 Metaspace       used 3941K, committed 4096K, reserved 1114112K
  class space    used 419K, committed 512K, reserved 1048576K

Heap Regions: E=young(eden), S=young(survivor), O=old, HS=humongous(starts), HC=humongous(continues), CS=collection set, F=free, TAMS=top-at-mark-start, PB=parsable bottom
|   0|0x0000000089400000, 0x0000000089400000, 0x0000000089500000|  0%| F|  |TAMS 0x0000000089400000| PB 0x0000000089400000| Untracked |  0
|   1|0x0000000089500000, 0x0000000089500000, 0x0000000089600000|  0%| F|  |TAMS 0x0000000089500000| PB 0x0000000089500000| Untracked |  0
|   2|0x0000000089600000, 0x0000000089600000, 0x0000000089700000|  0%| F|  |TAMS 0x0000000089600000| PB 0x0000000089600000| Untracked |  0
|   3|0x0000000089700000, 0x0000000089700000, 0x0000000089800000|  0%| F|  |TAMS 0x0000000089700000| PB 0x0000000089700000| Untracked |  0
|   4|0x0000000089800000, 0x0000000089800000, 0x0000000089900000|  0%| F|  |TAMS 0x0000000089800000| PB 0x0000000089800000| Untracked |  0
|   5|0x0000000089900000, 0x0000000089900000, 0x0000000089a00000|  0%| F|  |TAMS 0x0000000089900000| PB 0x0000000089900000| Untracked |  0
|   6|0x0000000089a00000, 0x0000000089a00000, 0x0000000089b00000|  0%| F|  |TAMS 0x0000000089a00000| PB 0x0000000089a00000| Untracked |  0
|   7|0x0000000089b00000, 0x0000000089b00000, 0x0000000089c00000|  0%| F|  |TAMS 0x0000000089b00000| PB 0x0000000089b00000| Untracked |  0
|   8|0x0000000089c00000, 0x0000000089c00000, 0x0000000089d00000|  0%| F|  |TAMS 0x0000000089c00000| PB 0x0000000089c00000| Untracked |  0
|   9|0x0000000089d00000, 0x0000000089d00000, 0x0000000089e00000|  0%| F|  |TAMS 0x0000000089d00000| PB 0x0000000089d00000| Untracked |  0
|  10|0x0000000089e00000, 0x0000000089e00000, 0x0000000089f00000|  0%| F|  |TAMS 0x0000000089e00000| PB 0x0000000089e00000| Untracked |  0
|  11|0x0000000089f00000, 0x0000000089f00000, 0x000000008a000000|  0%| F|  |TAMS 0x0000000089f00000| PB 0x0000000089f00000| Untracked |  0
|  12|0x000000008a000000, 0x000000008a000000, 0x000000008a100000|  0%| F|  |TAMS 0x000000008a000000| PB 0x000000008a000000| Untracked |  0
|  13|0x000000008a100000, 0x000000008a100000, 0x000000008a200000|  0%| F|  |TAMS 0x000000008a100000| PB 0x000000008a100000| Untracked |  0
|  14|0x000000008a200000, 0x000000008a200000, 0x000000008a300000|  0%| F|  |TAMS 0x000000008a200000| PB 0x000000008a200000| Untracked |  0
|  15|0x000000008a300000, 0x000000008a300000, 0x000000008a400000|  0%| F|  |TAMS 0x000000008a300000| PB 0x000000008a300000| Untracked |  0
|  16|0x000000008a400000, 0x000000008a400000, 0x000000008a500000|  0%| F|  |TAMS 0x000000008a400000| PB 0x000000008a400000| Untracked |  0
|  17|0x000000008a500000, 0x000000008a500000, 0x000000008a600000|  0%| F|  |TAMS 0x000000008a500000| PB 0x000000008a500000| Untracked |  0
|  18|0x000000008a600000, 0x000000008a600000, 0x000000008a700000|  0%| F|  |TAMS 0x000000008a600000| PB 0x000000008a600000| Untracked |  0
|  19|0x000000008a700000, 0x000000008a700000, 0x000000008a800000|  0%| F|  |TAMS 0x000000008a700000| PB 0x000000008a700000| Untracked |  0
|  20|0x000000008a800000, 0x000000008a800000, 0x000000008a900000|  0%| F|  |TAMS 0x000000008a800000| PB 0x000000008a800000| Untracked |  0
|  21|0x000000008a900000, 0x000000008a900000, 0x000000008aa00000|  0%| F|  |TAMS 0x000000008a900000| PB 0x000000008a900000| Untracked |  0
|  22|0x000000008aa00000, 0x000000008aa00000, 0x000000008ab00000|  0%| F|  |TAMS 0x000000008aa00000| PB 0x000000008aa00000| Untracked |  0
|  23|0x000000008ab00000, 0x000000008ab00000, 0x000000008ac00000|  0%| F|  |TAMS 0x000000008ab00000| PB 0x000000008ab00000| Untracked |  0
|  24|0x000000008ac00000, 0x000000008ac00000, 0x000000008ad00000|  0%| F|  |TAMS 0x000000008ac00000| PB 0x000000008ac00000| Untracked |  0
|  25|0x000000008ad00000, 0x000000008ad00000, 0x000000008ae00000|  0%| F|  |TAMS 0x000000008ad00000| PB 0x000000008ad00000| Untracked |  0
|  26|0x000000008ae00000, 0x000000008ae00000, 0x000000008af00000|  0%| F|  |TAMS 0x000000008ae00000| PB 0x000000008ae00000| Untracked |  0
|  27|0x000000008af00000, 0x000000008af00000, 0x000000008b000000|  0%| F|  |TAMS 0x000000008af00000| PB 0x000000008af00000| Untracked |  0
|  28|0x000000008b000000, 0x000000008b000000, 0x000000008b100000|  0%| F|  |TAMS 0x000000008b000000| PB 0x000000008b000000| Untracked |  0
|  29|0x000000008b100000, 0x000000008b100000, 0x000000008b200000|  0%| F|  |TAMS 0x000000008b100000| PB 0x000000008b100000| Untracked |  0
|  30|0x000000008b200000, 0x000000008b200000, 0x000000008b300000|  0%| F|  |TAMS 0x000000008b200000| PB 0x000000008b200000| Untracked |  0
|  31|0x000000008b300000, 0x000000008b300000, 0x000000008b400000|  0%| F|  |TAMS 0x000000008b300000| PB 0x000000008b300000| Untracked |  0
|  32|0x000000008b400000, 0x000000008b400000, 0x000000008b500000|  0%| F|  |TAMS 0x000000008b400000| PB 0x000000008b400000| Untracked |  0
|  33|0x000000008b500000, 0x000000008b500000, 0x000000008b600000|  0%| F|  |TAMS 0x000000008b500000| PB 0x000000008b500000| Untracked |  0
|  34|0x000000008b600000, 0x000000008b600000, 0x000000008b700000|  0%| F|  |TAMS 0x000000008b600000| PB 0x000000008b600000| Untracked |  0
|  35|0x000000008b700000, 0x000000008b700000, 0x000000008b800000|  0%| F|  |TAMS 0x000000008b700000| PB 0x000000008b700000| Untracked |  0
|  36|0x000000008b800000, 0x000000008b800000, 0x000000008b900000|  0%| F|  |TAMS 0x000000008b800000| PB 0x000000008b800000| Untracked |  0
|  37|0x000000008b900000, 0x000000008b900000, 0x000000008ba00000|  0%| F|  |TAMS 0x000000008b900000| PB 0x000000008b900000| Untracked |  0
|  38|0x000000008ba00000, 0x000000008ba00000, 0x000000008bb00000|  0%| F|  |TAMS 0x000000008ba00000| PB 0x000000008ba00000| Untracked |  0
|  39|0x000000008bb00000, 0x000000008bb00000, 0x000000008bc00000|  0%| F|  |TAMS 0x000000008bb00000| PB 0x000000008bb00000| Untracked |  0
|  40|0x000000008bc00000, 0x000000008bc00000, 0x000000008bd00000|  0%| F|  |TAMS 0x000000008bc00000| PB 0x000000008bc00000| Untracked |  0
|  41|0x000000008bd00000, 0x000000008bd00000, 0x000000008be00000|  0%| F|  |TAMS 0x000000008bd00000| PB 0x000000008bd00000| Untracked |  0
|  42|0x000000008be00000, 0x000000008be00000, 0x000000008bf00000|  0%| F|  |TAMS 0x000000008be00000| PB 0x000000008be00000| Untracked |  0
|  43|0x000000008bf00000, 0x000000008bf00000, 0x000000008c000000|  0%| F|  |TAMS 0x000000008bf00000| PB 0x000000008bf00000| Untracked |  0
|  44|0x000000008c000000, 0x000000008c000000, 0x000000008c100000|  0%| F|  |TAMS 0x000000008c000000| PB 0x000000008c000000| Untracked |  0
|  45|0x000000008c100000, 0x000000008c100000, 0x000000008c200000|  0%| F|  |TAMS 0x000000008c100000| PB 0x000000008c100000| Untracked |  0
|  46|0x000000008c200000, 0x000000008c200000, 0x000000008c300000|  0%| F|  |TAMS 0x000000008c200000| PB 0x000000008c200000| Untracked |  0
|  47|0x000000008c300000, 0x000000008c300000, 0x000000008c400000|  0%| F|  |TAMS 0x000000008c300000| PB 0x000000008c300000| Untracked |  0
|  48|0x000000008c400000, 0x000000008c400000, 0x000000008c500000|  0%| F|  |TAMS 0x000000008c400000| PB 0x000000008c400000| Untracked |  0
|  49|0x000000008c500000, 0x000000008c500000, 0x000000008c600000|  0%| F|  |TAMS 0x000000008c500000| PB 0x000000008c500000| Untracked |  0
|  50|0x000000008c600000, 0x000000008c600000, 0x000000008c700000|  0%| F|  |TAMS 0x000000008c600000| PB 0x000000008c600000| Untracked |  0
|  51|0x000000008c700000, 0x000000008c700000, 0x000000008c800000|  0%| F|  |TAMS 0x000000008c700000| PB 0x000000008c700000| Untracked |  0
|  52|0x000000008c800000, 0x000000008c800000, 0x000000008c900000|  0%| F|  |TAMS 0x000000008c800000| PB 0x000000008c800000| Untracked |  0
|  53|0x000000008c900000, 0x000000008c900000, 0x000000008ca00000|  0%| F|  |TAMS 0x000000008c900000| PB 0x000000008c900000| Untracked |  0
|  54|0x000000008ca00000, 0x000000008ca00000, 0x000000008cb00000|  0%| F|  |TAMS 0x000000008ca00000| PB 0x000000008ca00000| Untracked |  0
|  55|0x000000008cb00000, 0x000000008cb00000, 0x000000008cc00000|  0%| F|  |TAMS 0x000000008cb00000| PB 0x000000008cb00000| Untracked |  0
|  56|0x000000008cc00000, 0x000000008cc00000, 0x000000008cd00000|  0%| F|  |TAMS 0x000000008cc00000| PB 0x000000008cc00000| Untracked |  0
|  57|0x000000008cd00000, 0x000000008cd00000, 0x000000008ce00000|  0%| F|  |TAMS 0x000000008cd00000| PB 0x000000008cd00000| Untracked |  0
|  58|0x000000008ce00000, 0x000000008ce00000, 0x000000008cf00000|  0%| F|  |TAMS 0x000000008ce00000| PB 0x000000008ce00000| Untracked |  0
|  59|0x000000008cf00000, 0x000000008cf00000, 0x000000008d000000|  0%| F|  |TAMS 0x000000008cf00000| PB 0x000000008cf00000| Untracked |  0
|  60|0x000000008d000000, 0x000000008d000000, 0x000000008d100000|  0%| F|  |TAMS 0x000000008d000000| PB 0x000000008d000000| Untracked |  0
|  61|0x000000008d100000, 0x000000008d100000, 0x000000008d200000|  0%| F|  |TAMS 0x000000008d100000| PB 0x000000008d100000| Untracked |  0
|  62|0x000000008d200000, 0x000000008d200000, 0x000000008d300000|  0%| F|  |TAMS 0x000000008d200000| PB 0x000000008d200000| Untracked |  0
|  63|0x000000008d300000, 0x000000008d300000, 0x000000008d400000|  0%| F|  |TAMS 0x000000008d300000| PB 0x000000008d300000| Untracked |  0
|  64|0x000000008d400000, 0x000000008d400000, 0x000000008d500000|  0%| F|  |TAMS 0x000000008d400000| PB 0x000000008d400000| Untracked |  0
|  65|0x000000008d500000, 0x000000008d500000, 0x000000008d600000|  0%| F|  |TAMS 0x000000008d500000| PB 0x000000008d500000| Untracked |  0
|  66|0x000000008d600000, 0x000000008d600000, 0x000000008d700000|  0%| F|  |TAMS 0x000000008d600000| PB 0x000000008d600000| Untracked |  0
|  67|0x000000008d700000, 0x000000008d700000, 0x000000008d800000|  0%| F|  |TAMS 0x000000008d700000| PB 0x000000008d700000| Untracked |  0
|  68|0x000000008d800000, 0x000000008d800000, 0x000000008d900000|  0%| F|  |TAMS 0x000000008d800000| PB 0x000000008d800000| Untracked |  0
|  69|0x000000008d900000, 0x000000008d900000, 0x000000008da00000|  0%| F|  |TAMS 0x000000008d900000| PB 0x000000008d900000| Untracked |  0
|  70|0x000000008da00000, 0x000000008da00000, 0x000000008db00000|  0%| F|  |TAMS 0x000000008da00000| PB 0x000000008da00000| Untracked |  0
|  71|0x000000008db00000, 0x000000008db00000, 0x000000008dc00000|  0%| F|  |TAMS 0x000000008db00000| PB 0x000000008db00000| Untracked |  0
|  72|0x000000008dc00000, 0x000000008dc00000, 0x000000008dd00000|  0%| F|  |TAMS 0x000000008dc00000| PB 0x000000008dc00000| Untracked |  0
|  73|0x000000008dd00000, 0x000000008dd00000, 0x000000008de00000|  0%| F|  |TAMS 0x000000008dd00000| PB 0x000000008dd00000| Untracked |  0
|  74|0x000000008de00000, 0x000000008de00000, 0x000000008df00000|  0%| F|  |TAMS 0x000000008de00000| PB 0x000000008de00000| Untracked |  0
|  75|0x000000008df00000, 0x000000008df00000, 0x000000008e000000|  0%| F|  |TAMS 0x000000008df00000| PB 0x000000008df00000| Untracked |  0
|  76|0x000000008e000000, 0x000000008e000000, 0x000000008e100000|  0%| F|  |TAMS 0x000000008e000000| PB 0x000000008e000000| Untracked |  0
|  77|0x000000008e100000, 0x000000008e100000, 0x000000008e200000|  0%| F|  |TAMS 0x000000008e100000| PB 0x000000008e100000| Untracked |  0
|  78|0x000000008e200000, 0x000000008e200000, 0x000000008e300000|  0%| F|  |TAMS 0x000000008e200000| PB 0x000000008e200000| Untracked |  0
|  79|0x000000008e300000, 0x000000008e300000, 0x000000008e400000|  0%| F|  |TAMS 0x000000008e300000| PB 0x000000008e300000| Untracked |  0
|  80|0x000000008e400000, 0x000000008e400000, 0x000000008e500000|  0%| F|  |TAMS 0x000000008e400000| PB 0x000000008e400000| Untracked |  0
|  81|0x000000008e500000, 0x000000008e500000, 0x000000008e600000|  0%| F|  |TAMS 0x000000008e500000| PB 0x000000008e500000| Untracked |  0
|  82|0x000000008e600000, 0x000000008e600000, 0x000000008e700000|  0%| F|  |TAMS 0x000000008e600000| PB 0x000000008e600000| Untracked |  0
|  83|0x000000008e700000, 0x000000008e700000, 0x000000008e800000|  0%| F|  |TAMS 0x000000008e700000| PB 0x000000008e700000| Untracked |  0
|  84|0x000000008e800000, 0x000000008e800000, 0x000000008e900000|  0%| F|  |TAMS 0x000000008e800000| PB 0x000000008e800000| Untracked |  0
|  85|0x000000008e900000, 0x000000008e900000, 0x000000008ea00000|  0%| F|  |TAMS 0x000000008e900000| PB 0x000000008e900000| Untracked |  0
|  86|0x000000008ea00000, 0x000000008ea00000, 0x000000008eb00000|  0%| F|  |TAMS 0x000000008ea00000| PB 0x000000008ea00000| Untracked |  0
|  87|0x000000008eb00000, 0x000000008eb00000, 0x000000008ec00000|  0%| F|  |TAMS 0x000000008eb00000| PB 0x000000008eb00000| Untracked |  0
|  88|0x000000008ec00000, 0x000000008ec00000, 0x000000008ed00000|  0%| F|  |TAMS 0x000000008ec00000| PB 0x000000008ec00000| Untracked |  0
|  89|0x000000008ed00000, 0x000000008ed00000, 0x000000008ee00000|  0%| F|  |TAMS 0x000000008ed00000| PB 0x000000008ed00000| Untracked |  0
|  90|0x000000008ee00000, 0x000000008ee00000, 0x000000008ef00000|  0%| F|  |TAMS 0x000000008ee00000| PB 0x000000008ee00000| Untracked |  0
|  91|0x000000008ef00000, 0x000000008ef00000, 0x000000008f000000|  0%| F|  |TAMS 0x000000008ef00000| PB 0x000000008ef00000| Untracked |  0
|  92|0x000000008f000000, 0x000000008f000000, 0x000000008f100000|  0%| F|  |TAMS 0x000000008f000000| PB 0x000000008f000000| Untracked |  0
|  93|0x000000008f100000, 0x000000008f100000, 0x000000008f200000|  0%| F|  |TAMS 0x000000008f100000| PB 0x000000008f100000| Untracked |  0
|  94|0x000000008f200000, 0x000000008f200000, 0x000000008f300000|  0%| F|  |TAMS 0x000000008f200000| PB 0x000000008f200000| Untracked |  0
|  95|0x000000008f300000, 0x000000008f300000, 0x000000008f400000|  0%| F|  |TAMS 0x000000008f300000| PB 0x000000008f300000| Untracked |  0
|  96|0x000000008f400000, 0x000000008f400000, 0x000000008f500000|  0%| F|  |TAMS 0x000000008f400000| PB 0x000000008f400000| Untracked |  0
|  97|0x000000008f500000, 0x000000008f500000, 0x000000008f600000|  0%| F|  |TAMS 0x000000008f500000| PB 0x000000008f500000| Untracked |  0
|  98|0x000000008f600000, 0x000000008f600000, 0x000000008f700000|  0%| F|  |TAMS 0x000000008f600000| PB 0x000000008f600000| Untracked |  0
|  99|0x000000008f700000, 0x000000008f700000, 0x000000008f800000|  0%| F|  |TAMS 0x000000008f700000| PB 0x000000008f700000| Untracked |  0
| 100|0x000000008f800000, 0x000000008f800000, 0x000000008f900000|  0%| F|  |TAMS 0x000000008f800000| PB 0x000000008f800000| Untracked |  0
| 101|0x000000008f900000, 0x000000008f900000, 0x000000008fa00000|  0%| F|  |TAMS 0x000000008f900000| PB 0x000000008f900000| Untracked |  0
| 102|0x000000008fa00000, 0x000000008fa00000, 0x000000008fb00000|  0%| F|  |TAMS 0x000000008fa00000| PB 0x000000008fa00000| Untracked |  0
| 103|0x000000008fb00000, 0x000000008fb00000, 0x000000008fc00000|  0%| F|  |TAMS 0x000000008fb00000| PB 0x000000008fb00000| Untracked |  0
| 104|0x000000008fc00000, 0x000000008fc00000, 0x000000008fd00000|  0%| F|  |TAMS 0x000000008fc00000| PB 0x000000008fc00000| Untracked |  0
| 105|0x000000008fd00000, 0x000000008fd00000, 0x000000008fe00000|  0%| F|  |TAMS 0x000000008fd00000| PB 0x000000008fd00000| Untracked |  0
| 106|0x000000008fe00000, 0x000000008fe00000, 0x000000008ff00000|  0%| F|  |TAMS 0x000000008fe00000| PB 0x000000008fe00000| Untracked |  0
| 107|0x000000008ff00000, 0x000000008ff00000, 0x0000000090000000|  0%| F|  |TAMS 0x000000008ff00000| PB 0x000000008ff00000| Untracked |  0
| 108|0x0000000090000000, 0x0000000090000000, 0x0000000090100000|  0%| F|  |TAMS 0x0000000090000000| PB 0x0000000090000000| Untracked |  0
| 109|0x0000000090100000, 0x0000000090100000, 0x0000000090200000|  0%| F|  |TAMS 0x0000000090100000| PB 0x0000000090100000| Untracked |  0
| 110|0x0000000090200000, 0x0000000090200000, 0x0000000090300000|  0%| F|  |TAMS 0x0000000090200000| PB 0x0000000090200000| Untracked |  0
| 111|0x0000000090300000, 0x0000000090300000, 0x0000000090400000|  0%| F|  |TAMS 0x0000000090300000| PB 0x0000000090300000| Untracked |  0
| 112|0x0000000090400000, 0x0000000090400000, 0x0000000090500000|  0%| F|  |TAMS 0x0000000090400000| PB 0x0000000090400000| Untracked |  0
| 113|0x0000000090500000, 0x00000000905f5e60, 0x0000000090600000| 96%| E|  |TAMS 0x0000000090500000| PB 0x0000000090500000| Complete |  0
| 114|0x0000000090600000, 0x0000000090700000, 0x0000000090700000|100%| E|CS|TAMS 0x0000000090600000| PB 0x0000000090600000| Complete |  0
| 115|0x0000000090700000, 0x0000000090800000, 0x0000000090800000|100%| E|CS|TAMS 0x0000000090700000| PB 0x0000000090700000| Complete |  0
| 116|0x0000000090800000, 0x0000000090900000, 0x0000000090900000|100%| E|CS|TAMS 0x0000000090800000| PB 0x0000000090800000| Complete |  0
| 117|0x0000000090900000, 0x0000000090a00000, 0x0000000090a00000|100%| E|CS|TAMS 0x0000000090900000| PB 0x0000000090900000| Complete |  0
| 118|0x0000000090a00000, 0x0000000090b00000, 0x0000000090b00000|100%| E|CS|TAMS 0x0000000090a00000| PB 0x0000000090a00000| Complete |  0
| 119|0x0000000090b00000, 0x0000000090c00000, 0x0000000090c00000|100%| E|CS|TAMS 0x0000000090b00000| PB 0x0000000090b00000| Complete |  0

Card table byte_map: [0x000001f2f24c0000,0x000001f2f2880000] _byte_map_base: 0x000001f2f2076000

Marking Bits: (CMBitMap*) 0x000001f2e959d8a0
 Bits: [0x000001f2f2880000, 0x000001f2f4630000)

Polling page: 0x000001f2e8c60000

Metaspace:

Usage:
  Non-class:      3.44 MB used.
      Class:    419.68 KB used.
       Both:      3.85 MB used.

Virtual space:
  Non-class space:       64.00 MB reserved,       3.50 MB (  5%) committed,  1 nodes.
      Class space:        1.00 GB reserved,     512.00 KB ( <1%) committed,  1 nodes.
             Both:        1.06 GB reserved,       4.00 MB ( <1%) committed. 

Chunk freelists:
   Non-Class:  11.90 MB
       Class:  15.50 MB
        Both:  27.40 MB

MaxMetaspaceSize: unlimited
CompressedClassSpaceSize: 1.00 GB
Initial GC threshold: 21.00 MB
Current GC threshold: 21.00 MB
CDS: on
 - commit_granule_bytes: 65536.
 - commit_granule_words: 8192.
 - virtual_space_node_default_size: 8388608.
 - enlarge_chunks_in_place: 1.
 - use_allocation_guard: 0.


Internal statistics:

num_allocs_failed_limit: 0.
num_arena_births: 106.
num_arena_deaths: 0.
num_vsnodes_births: 2.
num_vsnodes_deaths: 0.
num_space_committed: 64.
num_space_uncommitted: 0.
num_chunks_returned_to_freelist: 0.
num_chunks_taken_from_freelist: 126.
num_chunk_merges: 0.
num_chunk_splits: 76.
num_chunks_enlarged: 30.
num_inconsistent_stats: 0.

CodeHeap 'non-profiled nmethods': size=119168Kb used=161Kb max_used=161Kb free=119006Kb
 bounds [0x000001f287ba0000, 0x000001f287e10000, 0x000001f28f000000]
CodeHeap 'profiled nmethods': size=119104Kb used=833Kb max_used=833Kb free=118271Kb
 bounds [0x000001f280000000, 0x000001f280270000, 0x000001f287450000]
CodeHeap 'non-nmethods': size=7488Kb used=2537Kb max_used=2550Kb free=4950Kb
 bounds [0x000001f287450000, 0x000001f2876e0000, 0x000001f287ba0000]
 total_blobs=1096 nmethods=591 adapters=408
 compilation: enabled
              stopped_count=0, restarted_count=0
 full_count=0

Compilation events (20 events):
Event: 0.223 Thread 0x000001f2f75f0cc0  582       3       java.lang.invoke.DirectMethodHandle$Constructor::<init> (44 bytes)
Event: 0.223 Thread 0x000001f2f75f0cc0 nmethod 582 0x000001f2800cc890 code [0x000001f2800cca40, 0x000001f2800ccc60]
Event: 0.223 Thread 0x000001f2f75f0cc0  583       3       jdk.internal.org.objectweb.asm.MethodWriter::visitCode (1 bytes)
Event: 0.223 Thread 0x000001f2f75eff20  584       3       jdk.internal.org.objectweb.asm.MethodWriter::visitLabel (330 bytes)
Event: 0.223 Thread 0x000001f2f75ee3e0  585       3       jdk.internal.org.objectweb.asm.MethodWriter::endCurrentBasicBlockWithNoSuccessor (94 bytes)
Event: 0.223 Thread 0x000001f2f75f0cc0 nmethod 583 0x000001f2800ccd10 code [0x000001f2800ccea0, 0x000001f2800ccfa8]
Event: 0.223 Thread 0x000001f2f75f0cc0  586       1       java.lang.invoke.DirectMethodHandle::isCrackable (5 bytes)
Event: 0.223 Thread 0x000001f2f75f0cc0 nmethod 586 0x000001f287bc8410 code [0x000001f287bc85a0, 0x000001f287bc8670]
Event: 0.223 Thread 0x000001f2f75f0cc0  587       3       jdk.internal.misc.CDS::isSharingEnabled (4 bytes)
Event: 0.223 Thread 0x000001f2f75f0cc0 nmethod 587 0x000001f2800cd010 code [0x000001f2800cd1a0, 0x000001f2800cd290]
Event: 0.223 Thread 0x000001f2f75ee3e0 nmethod 585 0x000001f2800cd310 code [0x000001f2800cd500, 0x000001f2800cdb60]
Event: 0.223 Thread 0x000001f2f75eff20 nmethod 584 0x000001f2800cdd90 code [0x000001f2800ce020, 0x000001f2800ced08]
Event: 0.224 Thread 0x000001f2f75eff20  588       3       java.lang.invoke.Invokers::checkExactType (17 bytes)
Event: 0.224 Thread 0x000001f2f75f0cc0  589       3       java.lang.invoke.Invokers::checkCustomized (23 bytes)
Event: 0.224 Thread 0x000001f2f75ee3e0  590       3       java.lang.invoke.Invokers::maybeCustomize (5 bytes)
Event: 0.224 Thread 0x000001f2f75f0cc0 nmethod 589 0x000001f2800cef90 code [0x000001f2800cf140, 0x000001f2800cf300]
Event: 0.224 Thread 0x000001f2f75ee3e0 nmethod 590 0x000001f2800cf410 code [0x000001f2800cf5c0, 0x000001f2800cf770]
Event: 0.224 Thread 0x000001f2f75eff20 nmethod 588 0x000001f2800cf890 code [0x000001f2800cfa40, 0x000001f2800cfc30]
Event: 0.224 Thread 0x000001f2f75f0cc0  591       3       java.lang.invoke.MethodHandle::maybeCustomize (38 bytes)
Event: 0.224 Thread 0x000001f2f75f0cc0 nmethod 591 0x000001f2800cfd10 code [0x000001f2800cfee0, 0x000001f2800d02c0]

GC Heap History (0 events):
No events

Dll operation events (7 events):
Event: 0.006 Loaded shared library C:\Program Files\Java\jdk-22\bin\java.dll
Event: 0.031 Loaded shared library C:\Program Files\Java\jdk-22\bin\jsvml.dll
Event: 0.053 Loaded shared library C:\Program Files\Java\jdk-22\bin\net.dll
Event: 0.054 Loaded shared library C:\Program Files\Java\jdk-22\bin\nio.dll
Event: 0.071 Loaded shared library C:\Program Files\Java\jdk-22\bin\zip.dll
Event: 0.081 Loaded shared library C:\Program Files\Java\jdk-22\bin\jimage.dll
Event: 0.092 Loaded shared library C:\Program Files\Java\jdk-22\bin\awt.dll

Deoptimization events (4 events):
Event: 0.200 Thread 0x000001f2e7294210 Uncommon trap: trap_request=0xffffff45 fr.pc=0x000001f287bb0b3c relative=0x00000000000009fc
Event: 0.200 Thread 0x000001f2e7294210 Uncommon trap: reason=unstable_if action=reinterpret pc=0x000001f287bb0b3c method=java.util.HashMap.putVal(ILjava/lang/Object;Ljava/lang/Object;ZZ)Ljava/lang/Object; @ 236 c2
Event: 0.200 Thread 0x000001f2e7294210 DEOPT PACKING pc=0x000001f287bb0b3c sp=0x000000181b0fdd70
Event: 0.200 Thread 0x000001f2e7294210 DEOPT UNPACKING pc=0x000001f2874a46a2 sp=0x000000181b0fdd28 mode 2

Classes loaded (20 events):
Event: 0.206 Loading class javax/swing/plaf/InsetsUIResource done
Event: 0.207 Loading class javax/swing/plaf/BorderUIResource$EmptyBorderUIResource
Event: 0.207 Loading class javax/swing/border/EmptyBorder
Event: 0.207 Loading class javax/swing/border/AbstractBorder
Event: 0.207 Loading class javax/swing/border/Border
Event: 0.207 Loading class javax/swing/border/Border done
Event: 0.207 Loading class javax/swing/border/AbstractBorder done
Event: 0.207 Loading class javax/swing/border/EmptyBorder done
Event: 0.207 Loading class javax/swing/plaf/BorderUIResource$EmptyBorderUIResource done
Event: 0.209 Loading class javax/swing/plaf/basic/BasicLookAndFeel$2
Event: 0.209 Loading class javax/swing/plaf/basic/BasicLookAndFeel$2 done
Event: 0.211 Loading class javax/swing/plaf/DimensionUIResource
Event: 0.211 Loading class javax/swing/plaf/DimensionUIResource done
Event: 0.213 Loading class javax/swing/UIDefaults$LazyInputMap
Event: 0.213 Loading class javax/swing/UIDefaults$LazyInputMap done
Event: 0.217 Loading class javax/swing/plaf/metal/MetalLookAndFeel$FontActiveValue
Event: 0.217 Loading class javax/swing/plaf/metal/MetalLookAndFeel$FontActiveValue done
Event: 0.224 Loading class javax/swing/plaf/metal/MetalLookAndFeel$AATextListener
Event: 0.224 Loading class javax/swing/plaf/metal/MetalLookAndFeel$AATextListener done
Event: 0.224 Loading class java/beans/PropertyChangeListenerProxy

Classes unloaded (0 events):
No events

Classes redefined (0 events):
No events

Internal exceptions (9 events):
Event: 0.055 Thread 0x000001f2e7294210 Exception <a 'sun/nio/fs/WindowsException'{0x0000000090abd178}> (0x0000000090abd178) 
thrown [s\open\src\hotspot\share\prims\jni.cpp, line 520]
Event: 0.056 Thread 0x000001f2e7294210 Exception <a 'sun/nio/fs/WindowsException'{0x0000000090abf788}> (0x0000000090abf788) 
thrown [s\open\src\hotspot\share\prims\jni.cpp, line 520]
Event: 0.057 Thread 0x000001f2e7294210 Exception <a 'sun/nio/fs/WindowsException'{0x0000000090ac02e0}> (0x0000000090ac02e0) 
thrown [s\open\src\hotspot\share\prims\jni.cpp, line 520]
Event: 0.085 Thread 0x000001f2e7294210 Exception <a 'java/lang/ClassNotFoundException'{0x0000000090809e78}: sun/awt/resources/spi/awtProvider> (0x0000000090809e78) 
thrown [s\open\src\hotspot\share\classfile\systemDictionary.cpp, line 313]
Event: 0.101 Thread 0x000001f2e7294210 Exception <a 'java/io/FileNotFoundException'{0x000000009085d9f8}> (0x000000009085d9f8) 
thrown [s\open\src\hotspot\share\prims\jni.cpp, line 520]
Event: 0.107 Thread 0x000001f2e7294210 Exception <a 'java/io/FileNotFoundException'{0x0000000090706ef0}> (0x0000000090706ef0) 
thrown [s\open\src\hotspot\share\prims\jni.cpp, line 520]
Event: 0.202 Thread 0x000001f2e7294210 Exception <a 'java/lang/NoSuchMethodError'{0x00000000906953b8}: 'void java.lang.invoke.DirectMethodHandle$Holder.invokeSpecial(java.lang.Object, java.lang.Object, java.lang.Object)'> (0x00000000906953b8) 
thrown [s\open\src\hotspot\share\interpreter\linkResolver.cpp, line 774]
Event: 0.207 Thread 0x000001f2e7294210 Exception <a 'java/lang/NoSuchMethodError'{0x00000000906bb700}: 'java.lang.Object java.lang.invoke.DirectMethodHandle$Holder.newInvokeSpecial(java.lang.Object, java.lang.Object, java.lang.Object, java.lang.Object, java.lang.Object)'> (0x00000000906bb700) 
thrown [s\open\src\hotspot\share\interpreter\linkResolver.cpp, line 774]
Event: 0.211 Thread 0x000001f2e7294210 Exception <a 'java/lang/NoSuchMethodError'{0x00000000906e8018}: 'java.lang.Object java.lang.invoke.DirectMethodHandle$Holder.invokeStatic(java.lang.Object, int, java.lang.Object)'> (0x00000000906e8018) 
thrown [s\open\src\hotspot\share\interpreter\linkResolver.cpp, line 774]

ZGC Phase Switch (0 events):
No events

VM Operations (4 events):
Event: 0.058 Executing VM operation: HandshakeAllThreads (Deoptimize)
Event: 0.058 Executing VM operation: HandshakeAllThreads (Deoptimize) done
Event: 0.112 Executing VM operation: HandshakeAllThreads (Deoptimize)
Event: 0.112 Executing VM operation: HandshakeAllThreads (Deoptimize) done

Events (17 events):
Event: 0.019 Thread 0x000001f2e7294210 Thread added: 0x000001f2e7294210
Event: 0.029 Thread 0x000001f2f75d6050 Thread added: 0x000001f2f75d6050
Event: 0.029 Thread 0x000001f2f75d6d70 Thread added: 0x000001f2f75d6d70
Event: 0.029 Thread 0x000001f2f75d7e60 Thread added: 0x000001f2f75d7e60
Event: 0.029 Thread 0x000001f2f75da720 Thread added: 0x000001f2f75da720
Event: 0.029 Thread 0x000001f2f75db720 Thread added: 0x000001f2f75db720
Event: 0.029 Thread 0x000001f2f75defe0 Thread added: 0x000001f2f75defe0
Event: 0.029 Thread 0x000001f2d4130ba0 Thread added: 0x000001f2d4130ba0
Event: 0.029 Thread 0x000001f2f75eff20 Thread added: 0x000001f2f75eff20
Event: 0.045 Thread 0x000001f2d41ed4b0 Thread added: 0x000001f2d41ed4b0
Event: 0.046 Thread 0x000001f2f75ee3e0 Thread added: 0x000001f2f75ee3e0
Event: 0.066 Thread 0x000001f2d432ef90 Thread added: 0x000001f2d432ef90
Event: 0.069 Thread 0x000001f2f75f05f0 Thread added: 0x000001f2f75f05f0
Event: 0.069 Thread 0x000001f2f75f0cc0 Thread added: 0x000001f2f75f0cc0
Event: 0.139 Thread 0x000001f2d452bfd0 Thread added: 0x000001f2d452bfd0
Event: 0.140 Thread 0x000001f2d4531110 Thread added: 0x000001f2d4531110
Event: 0.141 Thread 0x000001f2d4534e60 Thread added: 0x000001f2d4534e60


Dynamic libraries:
0x00007ff7d6ea0000 - 0x00007ff7d6eb0000 	C:\Program Files\Java\jdk-22\bin\java.exe
0x00007fffdaad0000 - 0x00007fffdace7000 	C:\WINDOWS\SYSTEM32\ntdll.dll
0x00007fffd8a50000 - 0x00007fffd8b14000 	C:\WINDOWS\System32\KERNEL32.DLL
0x00007fffd8430000 - 0x00007fffd87dd000 	C:\WINDOWS\System32\KERNELBASE.dll
0x00007fffd7f60000 - 0x00007fffd8071000 	C:\WINDOWS\System32\ucrtbase.dll
0x00007fff9f3a0000 - 0x00007fff9f3b7000 	C:\Program Files\Java\jdk-22\bin\jli.dll
0x00007fffd8930000 - 0x00007fffd89e2000 	C:\WINDOWS\System32\ADVAPI32.dll
0x00007fffcc3f0000 - 0x00007fffcc40b000 	C:\Program Files\Java\jdk-22\bin\VCRUNTIME140.dll
0x00007fffd9010000 - 0x00007fffd90b7000 	C:\WINDOWS\System32\msvcrt.dll
0x00007fffd9fa0000 - 0x00007fffda049000 	C:\WINDOWS\System32\sechost.dll
0x00007fffd8270000 - 0x00007fffd8298000 	C:\WINDOWS\System32\bcrypt.dll
0x00007fffd8c20000 - 0x00007fffd8d34000 	C:\WINDOWS\System32\RPCRT4.dll
0x00007fffd8e60000 - 0x00007fffd900e000 	C:\WINDOWS\System32\USER32.dll
0x00007fffd87e0000 - 0x00007fffd8806000 	C:\WINDOWS\System32\win32u.dll
0x00007fffd90c0000 - 0x00007fffd90e9000 	C:\WINDOWS\System32\GDI32.dll
0x00007fffc4d60000 - 0x00007fffc4ff3000 	C:\WINDOWS\WinSxS\amd64_microsoft.windows.common-controls_6595b64144ccf1df_6.0.22621.3672_none_2713b9d173822955\COMCTL32.dll
0x00007fffd8310000 - 0x00007fffd8429000 	C:\WINDOWS\System32\gdi32full.dll
0x00007fffd7e00000 - 0x00007fffd7e9a000 	C:\WINDOWS\System32\msvcp_win.dll
0x00007fffd7a30000 - 0x00007fffd7a3a000 	C:\WINDOWS\SYSTEM32\VERSION.dll
0x00007fffd9990000 - 0x00007fffd99c1000 	C:\WINDOWS\System32\IMM32.DLL
0x000000005b960000 - 0x000000005b96c000 	C:\Program Files (x86)\360\Total Security\safemon\SafeWrapper.dll
0x00007fff58ec0000 - 0x00007fff58f52000 	C:\Program Files (x86)\360\Total Security\safemon\libzdtp64.dll
0x00007fffda1b0000 - 0x00007fffdaa0f000 	C:\WINDOWS\System32\SHELL32.dll
0x00007fffd8d50000 - 0x00007fffd8dae000 	C:\WINDOWS\System32\SHLWAPI.dll
0x00007fffcc070000 - 0x00007fffcc07c000 	C:\Program Files\Java\jdk-22\bin\vcruntime140_1.dll
0x00007fff9f3e0000 - 0x00007fff9f46e000 	C:\Program Files\Java\jdk-22\bin\msvcp140.dll
0x00007fff38c70000 - 0x00007fff399b7000 	C:\Program Files\Java\jdk-22\bin\server\jvm.dll
0x00007fffd8dc0000 - 0x00007fffd8e31000 	C:\WINDOWS\System32\WS2_32.dll
0x00007fffd75e0000 - 0x00007fffd762d000 	C:\WINDOWS\SYSTEM32\POWRPROF.dll
0x00007fffcd0b0000 - 0x00007fffcd0e4000 	C:\WINDOWS\SYSTEM32\WINMM.dll
0x00007fffd75c0000 - 0x00007fffd75d3000 	C:\WINDOWS\SYSTEM32\UMPDC.dll
0x00007fffd6e10000 - 0x00007fffd6e28000 	C:\WINDOWS\SYSTEM32\kernel.appcore.dll
0x00007fffcc060000 - 0x00007fffcc06a000 	C:\Program Files\Java\jdk-22\bin\jimage.dll
0x00007fffd56c0000 - 0x00007fffd58f2000 	C:\WINDOWS\SYSTEM32\DBGHELP.DLL
0x00007fffd9b80000 - 0x00007fffd9f08000 	C:\WINDOWS\System32\combase.dll
0x00007fffd90f0000 - 0x00007fffd91c7000 	C:\WINDOWS\System32\OLEAUT32.dll
0x00007fffcd4c0000 - 0x00007fffcd4f2000 	C:\WINDOWS\SYSTEM32\dbgcore.DLL
0x00007fffd8080000 - 0x00007fffd80fb000 	C:\WINDOWS\System32\bcryptPrimitives.dll
0x00007fffcadf0000 - 0x00007fffcae0e000 	C:\Program Files\Java\jdk-22\bin\java.dll
0x00007fffd99d0000 - 0x00007fffd9b75000 	C:\WINDOWS\System32\ole32.dll
0x00007fffd5c90000 - 0x00007fffd658c000 	C:\WINDOWS\SYSTEM32\windows.storage.dll
0x00007fffd5b50000 - 0x00007fffd5c8f000 	C:\WINDOWS\SYSTEM32\wintypes.dll
0x00007fffd8b20000 - 0x00007fffd8c14000 	C:\WINDOWS\System32\SHCORE.dll
0x00007fffd7d30000 - 0x00007fffd7d51000 	C:\WINDOWS\SYSTEM32\profapi.dll
0x00007fff9db60000 - 0x00007fff9dc37000 	C:\Program Files\Java\jdk-22\bin\jsvml.dll
0x00007fffcaf00000 - 0x00007fffcaf10000 	C:\Program Files\Java\jdk-22\bin\net.dll
0x00007fffd72a0000 - 0x00007fffd7309000 	C:\WINDOWS\system32\mswsock.dll
0x00007fffa6b00000 - 0x00007fffa6b16000 	C:\Program Files\Java\jdk-22\bin\nio.dll
0x00007fffa6ae0000 - 0x00007fffa6af7000 	C:\Program Files\Java\jdk-22\bin\zip.dll
0x00007fff9d9d0000 - 0x00007fff9db5e000 	C:\Program Files\Java\jdk-22\bin\awt.dll
0x00007fffd2d10000 - 0x00007fffd2da7000 	C:\WINDOWS\SYSTEM32\apphelp.dll
0x00007fffd5160000 - 0x00007fffd518b000 	C:\WINDOWS\system32\DWMAPI.DLL
0x00007fffd4eb0000 - 0x00007fffd4f5f000 	C:\WINDOWS\system32\uxtheme.dll
0x00007fff588e0000 - 0x00007fff589e0000 	C:\WINDOWS\system32\opengl32.dll
0x00007fff6c900000 - 0x00007fff6c92d000 	C:\WINDOWS\SYSTEM32\GLU32.dll
0x00007fffd4ff0000 - 0x00007fffd5029000 	C:\WINDOWS\SYSTEM32\dxcore.dll
0x00007fffd91d0000 - 0x00007fffd9323000 	C:\WINDOWS\System32\MSCTF.dll
0x00007fffab360000 - 0x00007fffab508000 	C:\WINDOWS\system32\d3d9.dll
0x00007fffcd130000 - 0x00007fffcd2e8000 	C:\Windows\System32\DriverStore\FileRepository\u0382793.inf_amd64_1c9c9d36a5813460\B384051\aticfx64.dll
0x00007fff382c0000 - 0x00007fff382f4000 	C:\Windows\System32\DriverStore\FileRepository\u0382793.inf_amd64_1c9c9d36a5813460\B384051\atiu9p64.dll
0x00007fff37560000 - 0x00007fff382b4000 	C:\Windows\System32\DriverStore\FileRepository\u0382793.inf_amd64_1c9c9d36a5813460\B384051\atiumd64.dll
0x000000005aae0000 - 0x000000005b954000 	C:\WINDOWS\System32\DriverStore\FileRepository\u0382793.inf_amd64_1c9c9d36a5813460\B384051\atiumd6a.dll
0x00007fffd9510000 - 0x00007fffd9984000 	C:\WINDOWS\System32\SETUPAPI.dll
0x00007fffcce30000 - 0x00007fffcce60000 	C:\WINDOWS\SYSTEM32\amdihk64.dll
0x00007fffcfd90000 - 0x00007fffcfdd9000 	C:\WINDOWS\SYSTEM32\directxdatabasehelper.dll

dbghelp: loaded successfully - version: 4.0.5 - missing functions: none
symbol engine: initialized successfully - sym options: 0x614 - pdb path: .;C:\Program Files\Java\jdk-22\bin;C:\WINDOWS\SYSTEM32;C:\WINDOWS\WinSxS\amd64_microsoft.windows.common-controls_6595b64144ccf1df_6.0.22621.3672_none_2713b9d173822955;C:\Program Files (x86)\360\Total Security\safemon;C:\Program Files\Java\jdk-22\bin\server;C:\Windows\System32\DriverStore\FileRepository\u0382793.inf_amd64_1c9c9d36a5813460\B384051

VM Arguments:
jvm_args: -Dfile.encoding=UTF-8 --module-path=C:\Users\arpan jena\Documents\NetBeansProjects\Hotel mangement system\build\classes 
java_command: hotel.mangement.system.Login
java_class_path (initial): C:\Users\arpan jena\Downloads\mysql-connector-java-8.0.28.jar;C:\Users\arpan jena\Documents\NetBeansProjects\Hotel mangement system\build\classes
Launcher Type: SUN_STANDARD

[Global flags]
     intx CICompilerCount                          = 12                                        {product} {ergonomic}
     uint ConcGCThreads                            = 3                                         {product} {ergonomic}
     uint G1ConcRefinementThreads                  = 13                                        {product} {ergonomic}
   size_t G1HeapRegionSize                         = 1048576                                   {product} {ergonomic}
   size_t InitialHeapSize                          = 125829120                                 {product} {ergonomic}
   size_t MarkStackSize                            = 4194304                                   {product} {ergonomic}
   size_t MaxHeapSize                              = 1992294400                                {product} {ergonomic}
   size_t MaxNewSize                               = 1195376640                                {product} {ergonomic}
   size_t MinHeapDeltaBytes                        = 1048576                                   {product} {ergonomic}
   size_t MinHeapSize                              = 8388608                                   {product} {ergonomic}
    uintx NonNMethodCodeHeapSize                   = 7602480                                {pd product} {ergonomic}
    uintx NonProfiledCodeHeapSize                  = 122027880                              {pd product} {ergonomic}
    uintx ProfiledCodeHeapSize                     = 122027880                              {pd product} {ergonomic}
    uintx ReservedCodeCacheSize                    = 251658240                              {pd product} {ergonomic}
     bool SegmentedCodeCache                       = true                                      {product} {ergonomic}
   size_t SoftMaxHeapSize                          = 1992294400                             {manageable} {ergonomic}
     bool UseCompressedOops                        = true                           {product lp64_product} {ergonomic}
     bool UseG1GC                                  = true                                      {product} {ergonomic}
     bool UseLargePagesIndividualAllocation        = false                                  {pd product} {ergonomic}

Logging:
Log output configuration:
 #0: stdout all=warning uptime,level,tags foldmultilines=false
 #1: stderr all=off uptime,level,tags foldmultilines=false

Environment Variables:
JAVA_HOME=C:\Users\arpan jena\AppData\Local\Programs\Eclipse Adoptium\jdk-17.0.8.101-hotspot\
PATH=C:\Program Files\Common Files\Oracle\Java\javapath;C:\Program Files\Python312\Scripts\;C:\Program Files\Python312\;C:\Program Files\Python311\Scripts\;C:\Program Files\Python311\;C:\WINDOWS\system32;C:\WINDOWS;C:\WINDOWS\System32\Wbem;C:\WINDOWS\System32\WindowsPowerShell\v1.0\;C:\WINDOWS\System32\OpenSSH\;C:\Program Files\NVIDIA Corporation\NVIDIA NvDLISR;C:\Program Files (x86)\NVIDIA Corporation\PhysX\Common;C:\MinGW\bin;C:\Program Files\Cloudflare\Cloudflare WARP\;C:\Program Files\Java\jdk-22\bin;C:\Program Files\nodejs\;C:\ProgramData\chocolatey\bin;C:\Program Files\MySQL\MySQL Shell 8.0\bin\;C:\Users\arpan jena\AppData\Local\Programs\Eclipse Adoptium\jdk-17.0.8.101-hotspot\bin;C:\Users\arpan jena\AppData\Local\Microsoft\WindowsApps;;C:\Users\arpan jena\AppData\Local\Programs\Microsoft VS Code\bin;C:\Program Files\JetBrains\IntelliJ IDEA Community Edition 2023.3.4\bin;;C:\Users\arpan jena\AppData\Roaming\npm
USERNAME=arpan jena
OS=Windows_NT
PROCESSOR_IDENTIFIER=AMD64 Family 23 Model 96 Stepping 1, AuthenticAMD
TMP=C:\Users\ARPANJ~1\AppData\Local\Temp
TEMP=C:\Users\ARPANJ~1\AppData\Local\Temp




Periodic native trim disabled

---------------  S Y S T E M  ---------------

OS:
 Windows 11 , 64 bit Build 22621 (10.0.22621.3672)
OS uptime: 0 days 1:46 hours
Hyper-V role detected

CPU: total 16 (initial active 16) (16 cores per cpu, 2 threads per core) family 23 model 96 stepping 1 microcode 0x0, cx8, cmov, fxsr, ht, mmx, 3dnowpref, sse, sse2, sse3, ssse3, sse4a, sse4.1, sse4.2, popcnt, lzcnt, tsc, tscinvbit, avx, avx2, aes, clmul, bmi1, bmi2, adx, sha, fma, vzeroupper, clflush, clflushopt, hv, rdtscp, rdpid, f16c
Processor Information for all 16 processors :
  Max Mhz: 2901, Current Mhz: 2901, Mhz Limit: 2901

Memory: 4k page, system-wide physical 7599M (921M free)
TotalPageFile size 20133M (AvailPageFile size 2M)
current process WorkingSet (physical memory assigned to process): 55M, peak: 55M
current process commit charge ("private bytes"): 227M, peak: 227M

vm_info: Java HotSpot(TM) 64-Bit Server VM (22.0.1+8-16) for windows-amd64 JRE (22.0.1+8-16), built on 2024-03-12T10:33:16Z by "mach5one" with MS VC++ 17.6 (VS2022)

END.
