#
# There is insufficient memory for the Java Runtime Environment to continue.
# Native memory allocation (mmap) failed to map 125829120 bytes. Error detail: G1 virtual space
# Possible reasons:
#   The system is out of physical RAM or swap space
#   This process is running with CompressedOops enabled, and the Java Heap may be blocking the growth of the native heap
# Possible solutions:
#   Reduce memory load on the system
#   Increase physical memory or swap space
#   Check if swap backing store is full
#   Decrease Java heap size (-Xmx/-Xms)
#   Decrease number of Java threads
#   Decrease Java thread stack sizes (-Xss)
#   Set larger code cache with -XX:ReservedCodeCacheSize=
#   JVM is running with Unscaled Compressed Oops mode in which the Java heap is
#     placed in the first 4GB address space. The Java Heap base address is the
#     maximum limit for the native heap growth. Please use -XX:HeapBaseMinAddress
#     to set the Java Heap base and to place the Java Heap above 4GB virtual address.
# This output file may be truncated or incomplete.
#
#  Out of Memory Error (os_windows.cpp:3631), pid=3256, tid=27596
#
# JRE version:  (22.0.1+8) (build )
# Java VM: Java HotSpot(TM) 64-Bit Server VM (22.0.1+8-16, mixed mode, sharing, tiered, compressed oops, compressed class ptrs, g1 gc, windows-amd64)
# No core dump will be written. Minidumps are not enabled by default on client versions of Windows
#

---------------  S U M M A R Y ------------

Command Line: -Dfile.encoding=UTF-8 --module-path=C:\Users\arpan jena\Documents\NetBeansProjects\Hotel mangement system\build\classes hotel.mangement.system.Login

Host: AMD Ryzen 7 4800H with Radeon Graphics         , 16 cores, 7G,  Windows 11 , 64 bit Build 22621 (10.0.22621.3672)
Time: Mon Jul 29 21:12:03 2024 India Standard Time elapsed time: 0.012437 seconds (0d 0h 0m 0s)

---------------  T H R E A D  ---------------

Current thread (0x000001eecbe95200):  JavaThread "Unknown thread" [_thread_in_vm, id=27596, stack(0x0000006bcc700000,0x0000006bcc800000) (1024K)]

Stack: [0x0000006bcc700000,0x0000006bcc800000]
Native frames: (J=compiled Java code, j=interpreted, Vv=VM code, C=native code)
V  [jvm.dll+0x6e2279]  (no source info available)
V  [jvm.dll+0x874e33]  (no source info available)
V  [jvm.dll+0x87725e]  (no source info available)
V  [jvm.dll+0x877933]  (no source info available)
V  [jvm.dll+0x27fd76]  (no source info available)
V  [jvm.dll+0x6de915]  (no source info available)
V  [jvm.dll+0x6d341a]  (no source info available)
V  [jvm.dll+0x3589da]  (no source info available)
V  [jvm.dll+0x360f06]  (no source info available)
V  [jvm.dll+0x3b3e2e]  (no source info available)
V  [jvm.dll+0x3b40d8]  (no source info available)
V  [jvm.dll+0x32c59c]  (no source info available)
V  [jvm.dll+0x32d158]  (no source info available)
V  [jvm.dll+0x83ccdc]  (no source info available)
V  [jvm.dll+0x3c0d71]  (no source info available)
V  [jvm.dll+0x825ccc]  (no source info available)
V  [jvm.dll+0x45b8fe]  (no source info available)
V  [jvm.dll+0x45d781]  (no source info available)
C  [jli.dll+0x52a3]  (no source info available)
C  [ucrtbase.dll+0x29333]  (no source info available)
C  [KERNEL32.DLL+0x1257d]  (no source info available)
C  [ntdll.dll+0x5af28]  (no source info available)


---------------  P R O C E S S  ---------------

Threads class SMR info:
_java_thread_list=0x00007fff3985b1c8, length=0, elements={
}

Java Threads: ( => current thread )
Total: 0

Other Threads:
  0x000001eece17c920 WorkerThread "GC Thread#0"                     [id=17744, stack(0x0000006bcc800000,0x0000006bcc900000) (1024K)]
  0x000001eece18c840 ConcurrentGCThread "G1 Main Marker"            [id=27612, stack(0x0000006bcc900000,0x0000006bcca00000) (1024K)]
  0x000001eece18d350 WorkerThread "G1 Conc#0"                       [id=24280, stack(0x0000006bcca00000,0x0000006bccb00000) (1024K)]

[error occurred during error reporting (printing all threads), id 0xc0000005, EXCEPTION_ACCESS_VIOLATION (0xc0000005) at pc=0x00007fff38faf367]
VM state: not at safepoint (not fully initialized)

VM Mutex/Monitor currently owned by a thread:  ([mutex/lock_event])
[0x00007fff398dbcb8] Heap_lock - owner thread: 0x000001eecbe95200

Heap address: 0x0000000089400000, size: 1900 MB, Compressed Oops mode: 32-bit

CDS archive(s) mapped at: [0x0000000000000000-0x0000000000000000-0x0000000000000000), size 0, SharedBaseAddress: 0x0000000800000000, ArchiveRelocationMode: 1.
Narrow klass base: 0x0000000000000000, Narrow klass shift: 0, Narrow klass range: 0x0

GC Precious Log:
 CardTable entry size: 512
 Card Set container configuration: InlinePtr #cards 5 size 8 Array Of Cards #cards 12 size 40 Howl #buckets 4 coarsen threshold 1843 Howl Bitmap #cards 512 size 80 coarsen threshold 460 Card regions per heap region 1 cards per card region 2048

Heap:
 garbage-first heap   total reserved 1945600K, committed 0K, used 0K [0x0000000089400000, 0x0000000100000000)
  region size 1024K, 0 young (0K), 0 survivors (0K)

[error occurred during error reporting (printing heap information), id 0xc0000005, EXCEPTION_ACCESS_VIOLATION (0xc0000005) at pc=0x00007fff393ae429]
GC Heap History (0 events):
No events

Dll operation events (1 events):
Event: 0.009 Loaded shared library C:\Program Files\Java\jdk-22\bin\java.dll

Deoptimization events (0 events):
No events

Classes loaded (0 events):
No events

Classes unloaded (0 events):
No events

Classes redefined (0 events):
No events

Internal exceptions (0 events):
No events

ZGC Phase Switch (0 events):
No events

VM Operations (0 events):
No events

Events (0 events):
No events


Dynamic libraries:
0x00007ff7d6ea0000 - 0x00007ff7d6eb0000 	C:\Program Files\Java\jdk-22\bin\java.exe
0x00007fffdaad0000 - 0x00007fffdace7000 	C:\WINDOWS\SYSTEM32\ntdll.dll
0x00007fffd8a50000 - 0x00007fffd8b14000 	C:\WINDOWS\System32\KERNEL32.DLL
0x00007fffd8430000 - 0x00007fffd87dd000 	C:\WINDOWS\System32\KERNELBASE.dll
0x00007fffd7f60000 - 0x00007fffd8071000 	C:\WINDOWS\System32\ucrtbase.dll
0x00007fff9f3a0000 - 0x00007fff9f3b7000 	C:\Program Files\Java\jdk-22\bin\jli.dll
0x00007fffcc3f0000 - 0x00007fffcc40b000 	C:\Program Files\Java\jdk-22\bin\VCRUNTIME140.dll
0x00007fffd8930000 - 0x00007fffd89e2000 	C:\WINDOWS\System32\ADVAPI32.dll
0x00007fffd9010000 - 0x00007fffd90b7000 	C:\WINDOWS\System32\msvcrt.dll
0x00007fffd9fa0000 - 0x00007fffda049000 	C:\WINDOWS\System32\sechost.dll
0x00007fffd8270000 - 0x00007fffd8298000 	C:\WINDOWS\System32\bcrypt.dll
0x00007fffd8c20000 - 0x00007fffd8d34000 	C:\WINDOWS\System32\RPCRT4.dll
0x00007fffd8e60000 - 0x00007fffd900e000 	C:\WINDOWS\System32\USER32.dll
0x00007fffd87e0000 - 0x00007fffd8806000 	C:\WINDOWS\System32\win32u.dll
0x00007fffc4d60000 - 0x00007fffc4ff3000 	C:\WINDOWS\WinSxS\amd64_microsoft.windows.common-controls_6595b64144ccf1df_6.0.22621.3672_none_2713b9d173822955\COMCTL32.dll
0x00007fffd90c0000 - 0x00007fffd90e9000 	C:\WINDOWS\System32\GDI32.dll
0x00007fffd8310000 - 0x00007fffd8429000 	C:\WINDOWS\System32\gdi32full.dll
0x00007fffd7e00000 - 0x00007fffd7e9a000 	C:\WINDOWS\System32\msvcp_win.dll
0x00007fffd7a30000 - 0x00007fffd7a3a000 	C:\WINDOWS\SYSTEM32\VERSION.dll
0x00007fffd9990000 - 0x00007fffd99c1000 	C:\WINDOWS\System32\IMM32.DLL
0x000000005b960000 - 0x000000005b96c000 	C:\Program Files (x86)\360\Total Security\safemon\SafeWrapper.dll
0x00007fff58ec0000 - 0x00007fff58f52000 	C:\Program Files (x86)\360\Total Security\safemon\libzdtp64.dll
0x00007fffda1b0000 - 0x00007fffdaa0f000 	C:\WINDOWS\System32\SHELL32.dll
0x00007fffd8d50000 - 0x00007fffd8dae000 	C:\WINDOWS\System32\SHLWAPI.dll
0x00007fffcc070000 - 0x00007fffcc07c000 	C:\Program Files\Java\jdk-22\bin\vcruntime140_1.dll
0x00007fff9f3e0000 - 0x00007fff9f46e000 	C:\Program Files\Java\jdk-22\bin\msvcp140.dll
0x00007fff38c70000 - 0x00007fff399b7000 	C:\Program Files\Java\jdk-22\bin\server\jvm.dll
0x00007fffd8dc0000 - 0x00007fffd8e31000 	C:\WINDOWS\System32\WS2_32.dll
0x00007fffd75e0000 - 0x00007fffd762d000 	C:\WINDOWS\SYSTEM32\POWRPROF.dll
0x00007fffcd0b0000 - 0x00007fffcd0e4000 	C:\WINDOWS\SYSTEM32\WINMM.dll
0x00007fffd75c0000 - 0x00007fffd75d3000 	C:\WINDOWS\SYSTEM32\UMPDC.dll
0x00007fffd6e10000 - 0x00007fffd6e28000 	C:\WINDOWS\SYSTEM32\kernel.appcore.dll
0x00007fffcc060000 - 0x00007fffcc06a000 	C:\Program Files\Java\jdk-22\bin\jimage.dll
0x00007fffd56c0000 - 0x00007fffd58f2000 	C:\WINDOWS\SYSTEM32\DBGHELP.DLL
0x00007fffd9b80000 - 0x00007fffd9f08000 	C:\WINDOWS\System32\combase.dll
0x00007fffd90f0000 - 0x00007fffd91c7000 	C:\WINDOWS\System32\OLEAUT32.dll
0x00007fffcd4c0000 - 0x00007fffcd4f2000 	C:\WINDOWS\SYSTEM32\dbgcore.DLL
0x00007fffd8080000 - 0x00007fffd80fb000 	C:\WINDOWS\System32\bcryptPrimitives.dll
0x00007fffcadf0000 - 0x00007fffcae0e000 	C:\Program Files\Java\jdk-22\bin\java.dll
0x00007fffd99d0000 - 0x00007fffd9b75000 	C:\WINDOWS\System32\ole32.dll

dbghelp: loaded successfully - version: 4.0.5 - missing functions: none
symbol engine: initialized successfully - sym options: 0x614 - pdb path: .;C:\Program Files\Java\jdk-22\bin;C:\WINDOWS\SYSTEM32;C:\WINDOWS\WinSxS\amd64_microsoft.windows.common-controls_6595b64144ccf1df_6.0.22621.3672_none_2713b9d173822955;C:\Program Files (x86)\360\Total Security\safemon;C:\Program Files\Java\jdk-22\bin\server

VM Arguments:
jvm_args: -Dfile.encoding=UTF-8 --module-path=C:\Users\arpan jena\Documents\NetBeansProjects\Hotel mangement system\build\classes 
java_command: hotel.mangement.system.Login
java_class_path (initial): C:\Users\arpan jena\Downloads\mysql-connector-java-8.0.28.jar;C:\Users\arpan jena\Documents\NetBeansProjects\Hotel mangement system\build\classes
Launcher Type: SUN_STANDARD

[Global flags]
     intx CICompilerCount                          = 12                                        {product} {ergonomic}
     uint ConcGCThreads                            = 3                                         {product} {ergonomic}
     uint G1ConcRefinementThreads                  = 13                                        {product} {ergonomic}
   size_t G1HeapRegionSize                         = 1048576                                   {product} {ergonomic}
   size_t InitialHeapSize                          = 125829120                                 {product} {ergonomic}
   size_t MarkStackSize                            = 4194304                                   {product} {ergonomic}
   size_t MaxHeapSize                              = 1992294400                                {product} {ergonomic}
   size_t MinHeapDeltaBytes                        = 1048576                                   {product} {ergonomic}
   size_t MinHeapSize                              = 8388608                                   {product} {ergonomic}
    uintx NonNMethodCodeHeapSize                   = 7602480                                {pd product} {ergonomic}
    uintx NonProfiledCodeHeapSize                  = 122027880                              {pd product} {ergonomic}
    uintx ProfiledCodeHeapSize                     = 122027880                              {pd product} {ergonomic}
    uintx ReservedCodeCacheSize                    = 251658240                              {pd product} {ergonomic}
     bool SegmentedCodeCache                       = true                                      {product} {ergonomic}
   size_t SoftMaxHeapSize                          = 1992294400                             {manageable} {ergonomic}
     bool UseCompressedOops                        = true                           {product lp64_product} {ergonomic}
     bool UseG1GC                                  = true                                      {product} {ergonomic}
     bool UseLargePagesIndividualAllocation        = false                                  {pd product} {ergonomic}

Logging:
Log output configuration:
 #0: stdout all=warning uptime,level,tags foldmultilines=false
 #1: stderr all=off uptime,level,tags foldmultilines=false

Environment Variables:
JAVA_HOME=C:\Users\arpan jena\AppData\Local\Programs\Eclipse Adoptium\jdk-17.0.8.101-hotspot\
PATH=C:\Program Files\Common Files\Oracle\Java\javapath;C:\Program Files\Python312\Scripts\;C:\Program Files\Python312\;C:\Program Files\Python311\Scripts\;C:\Program Files\Python311\;C:\WINDOWS\system32;C:\WINDOWS;C:\WINDOWS\System32\Wbem;C:\WINDOWS\System32\WindowsPowerShell\v1.0\;C:\WINDOWS\System32\OpenSSH\;C:\Program Files\NVIDIA Corporation\NVIDIA NvDLISR;C:\Program Files (x86)\NVIDIA Corporation\PhysX\Common;C:\MinGW\bin;C:\Program Files\Cloudflare\Cloudflare WARP\;C:\Program Files\Java\jdk-22\bin;C:\Program Files\nodejs\;C:\ProgramData\chocolatey\bin;C:\Program Files\MySQL\MySQL Shell 8.0\bin\;C:\Users\arpan jena\AppData\Local\Programs\Eclipse Adoptium\jdk-17.0.8.101-hotspot\bin;C:\Users\arpan jena\AppData\Local\Microsoft\WindowsApps;;C:\Users\arpan jena\AppData\Local\Programs\Microsoft VS Code\bin;C:\Program Files\JetBrains\IntelliJ IDEA Community Edition 2023.3.4\bin;;C:\Users\arpan jena\AppData\Roaming\npm
USERNAME=arpan jena
OS=Windows_NT
PROCESSOR_IDENTIFIER=AMD64 Family 23 Model 96 Stepping 1, AuthenticAMD
TMP=C:\Users\ARPANJ~1\AppData\Local\Temp
TEMP=C:\Users\ARPANJ~1\AppData\Local\Temp




Periodic native trim disabled

---------------  S Y S T E M  ---------------

OS:
 Windows 11 , 64 bit Build 22621 (10.0.22621.3672)
OS uptime: 0 days 1:42 hours
Hyper-V role detected

CPU: total 16 (initial active 16) (16 cores per cpu, 2 threads per core) family 23 model 96 stepping 1 microcode 0x0, cx8, cmov, fxsr, ht, mmx, 3dnowpref, sse, sse2, sse3, ssse3, sse4a, sse4.1, sse4.2, popcnt, lzcnt, tsc, tscinvbit, avx, avx2, aes, clmul, bmi1, bmi2, adx, sha, fma, vzeroupper, clflush, clflushopt, hv, rdtscp, rdpid, f16c
Processor Information for all 16 processors :
  Max Mhz: 2901, Current Mhz: 2901, Mhz Limit: 2901

Memory: 4k page, system-wide physical 7599M (1066M free)
TotalPageFile size 20133M (AvailPageFile size 111M)
current process WorkingSet (physical memory assigned to process): 12M, peak: 12M
current process commit charge ("private bytes"): 71M, peak: 191M

vm_info: Java HotSpot(TM) 64-Bit Server VM (22.0.1+8-16) for windows-amd64 JRE (22.0.1+8-16), built on 2024-03-12T10:33:16Z by "mach5one" with MS VC++ 17.6 (VS2022)

END.
